{"/home/travis/build/npmtest/node-npmtest-react-datetime/test.js":{"path":"/home/travis/build/npmtest/node-npmtest-react-datetime/test.js","s":{"1":2,"2":2,"3":2,"4":2,"5":2,"6":2,"7":2,"8":1,"9":2,"10":2,"11":1,"12":1,"13":1,"14":1,"15":2,"16":2,"17":2,"18":2,"19":1,"20":1,"21":2,"22":2,"23":2,"24":1,"25":1,"26":1,"27":1,"28":1,"29":1,"30":1,"31":1,"32":1,"33":1,"34":1,"35":1,"36":1,"37":1,"38":1,"39":2,"40":2,"41":1,"42":2,"43":2,"44":1,"45":2,"46":2,"47":1,"48":2,"49":2,"50":1,"51":1,"52":1,"53":1,"54":1},"b":{"1":[2,1,1,1],"2":[1,1,1,1],"3":[1,1],"4":[1,1],"5":[1,1],"6":[1,1],"7":[1,1],"8":[1,1],"9":[1,1],"10":[1,1,1],"11":[1,1],"12":[1,1],"13":[1,1],"14":[1,1],"15":[1,1],"16":[1,1],"17":[1,1]},"f":{"1":2,"2":2,"3":2,"4":2,"5":2,"6":1,"7":1,"8":1,"9":2,"10":2,"11":2,"12":2,"13":1},"fnMap":{"1":{"name":"(anonymous_1)","line":12,"loc":{"start":{"line":12,"column":1},"end":{"line":12,"column":13}}},"2":{"name":"(anonymous_2)","line":19,"loc":{"start":{"line":19,"column":5},"end":{"line":19,"column":17}}},"3":{"name":"(anonymous_3)","line":23,"loc":{"start":{"line":23,"column":24},"end":{"line":23,"column":36}}},"4":{"name":"(anonymous_4)","line":61,"loc":{"start":{"line":61,"column":5},"end":{"line":61,"column":17}}},"5":{"name":"(anonymous_5)","line":82,"loc":{"start":{"line":82,"column":5},"end":{"line":82,"column":17}}},"6":{"name":"(anonymous_6)","line":91,"loc":{"start":{"line":91,"column":77},"end":{"line":94,"column":10}}},"7":{"name":"(anonymous_7)","line":112,"loc":{"start":{"line":112,"column":83},"end":{"line":115,"column":10}},"skip":true},"8":{"name":"(anonymous_8)","line":123,"loc":{"start":{"line":123,"column":77},"end":{"line":126,"column":10}},"skip":true},"9":{"name":"(anonymous_9)","line":139,"loc":{"start":{"line":139,"column":12},"end":{"line":139,"column":40}},"skip":true},"10":{"name":"(anonymous_10)","line":147,"loc":{"start":{"line":147,"column":77},"end":{"line":150,"column":10}},"skip":true},"11":{"name":"(anonymous_11)","line":158,"loc":{"start":{"line":158,"column":83},"end":{"line":161,"column":10}},"skip":true},"12":{"name":"(anonymous_12)","line":169,"loc":{"start":{"line":169,"column":79},"end":{"line":172,"column":10}},"skip":true},"13":{"name":"(anonymous_13)","line":180,"loc":{"start":{"line":180,"column":75},"end":{"line":183,"column":10}},"skip":true}},"statementMap":{"1":{"start":{"line":12,"column":0},"end":{"line":195,"column":5}},"2":{"start":{"line":14,"column":4},"end":{"line":14,"column":14}},"3":{"start":{"line":19,"column":4},"end":{"line":56,"column":9}},"4":{"start":{"line":21,"column":8},"end":{"line":21,"column":19}},"5":{"start":{"line":23,"column":8},"end":{"line":35,"column":13}},"6":{"start":{"line":24,"column":12},"end":{"line":34,"column":13}},"7":{"start":{"line":25,"column":16},"end":{"line":28,"column":30}},"8":{"start":{"line":30,"column":16},"end":{"line":33,"column":27}},"9":{"start":{"line":37,"column":8},"end":{"line":39,"column":21}},"10":{"start":{"line":40,"column":8},"end":{"line":53,"column":9}},"11":{"start":{"line":43,"column":12},"end":{"line":46,"column":14}},"12":{"start":{"line":47,"column":12},"end":{"line":47,"column":18}},"13":{"start":{"line":50,"column":12},"end":{"line":51,"column":33}},"14":{"start":{"line":52,"column":12},"end":{"line":52,"column":18}},"15":{"start":{"line":55,"column":8},"end":{"line":55,"column":35}},"16":{"start":{"line":61,"column":4},"end":{"line":63,"column":9}},"17":{"start":{"line":62,"column":8},"end":{"line":62,"column":15}},"18":{"start":{"line":64,"column":4},"end":{"line":77,"column":5}},"19":{"start":{"line":70,"column":8},"end":{"line":70,"column":14}},"20":{"start":{"line":76,"column":8},"end":{"line":76,"column":14}},"21":{"start":{"line":82,"column":4},"end":{"line":84,"column":9}},"22":{"start":{"line":83,"column":8},"end":{"line":83,"column":15}},"23":{"start":{"line":85,"column":4},"end":{"line":194,"column":5}},"24":{"start":{"line":91,"column":8},"end":{"line":99,"column":10}},"25":{"start":{"line":98,"column":12},"end":{"line":98,"column":35}},"26":{"start":{"line":102,"column":8},"end":{"line":104,"column":63}},"27":{"start":{"line":105,"column":8},"end":{"line":105,"column":14}},"28":{"start":{"line":112,"column":8},"end":{"line":121,"column":10},"skip":true},"29":{"start":{"line":119,"column":12},"end":{"line":119,"column":55},"skip":true},"30":{"start":{"line":120,"column":12},"end":{"line":120,"column":48},"skip":true},"31":{"start":{"line":123,"column":8},"end":{"line":136,"column":10},"skip":true},"32":{"start":{"line":130,"column":12},"end":{"line":130,"column":76},"skip":true},"33":{"start":{"line":131,"column":12},"end":{"line":131,"column":73},"skip":true},"34":{"start":{"line":132,"column":12},"end":{"line":132,"column":74},"skip":true},"35":{"start":{"line":133,"column":12},"end":{"line":133,"column":79},"skip":true},"36":{"start":{"line":134,"column":12},"end":{"line":134,"column":25},"skip":true},"37":{"start":{"line":135,"column":12},"end":{"line":135,"column":45},"skip":true},"38":{"start":{"line":138,"column":8},"end":{"line":145,"column":14},"skip":true},"39":{"start":{"line":143,"column":16},"end":{"line":143,"column":29},"skip":true},"40":{"start":{"line":144,"column":16},"end":{"line":144,"column":55},"skip":true},"41":{"start":{"line":147,"column":8},"end":{"line":156,"column":10},"skip":true},"42":{"start":{"line":154,"column":12},"end":{"line":154,"column":25},"skip":true},"43":{"start":{"line":155,"column":12},"end":{"line":155,"column":45},"skip":true},"44":{"start":{"line":158,"column":8},"end":{"line":167,"column":10},"skip":true},"45":{"start":{"line":165,"column":12},"end":{"line":165,"column":25},"skip":true},"46":{"start":{"line":166,"column":12},"end":{"line":166,"column":48},"skip":true},"47":{"start":{"line":169,"column":8},"end":{"line":178,"column":10},"skip":true},"48":{"start":{"line":176,"column":12},"end":{"line":176,"column":25},"skip":true},"49":{"start":{"line":177,"column":12},"end":{"line":177,"column":46},"skip":true},"50":{"start":{"line":180,"column":8},"end":{"line":189,"column":10},"skip":true},"51":{"start":{"line":187,"column":12},"end":{"line":187,"column":94},"skip":true},"52":{"start":{"line":188,"column":12},"end":{"line":188,"column":48},"skip":true},"53":{"start":{"line":192,"column":8},"end":{"line":192,"column":35},"skip":true},"54":{"start":{"line":193,"column":8},"end":{"line":193,"column":14},"skip":true}},"branchMap":{"1":{"line":25,"type":"binary-expr","locations":[{"start":{"line":25,"column":23},"end":{"line":25,"column":62}},{"start":{"line":26,"column":20},"end":{"line":26,"column":70}},{"start":{"line":27,"column":20},"end":{"line":27,"column":71}},{"start":{"line":28,"column":20},"end":{"line":28,"column":29}}]},"2":{"line":30,"type":"binary-expr","locations":[{"start":{"line":30,"column":23},"end":{"line":30,"column":37}},{"start":{"line":31,"column":20},"end":{"line":31,"column":61}},{"start":{"line":32,"column":20},"end":{"line":32,"column":70}},{"start":{"line":33,"column":20},"end":{"line":33,"column":26}}]},"3":{"line":37,"type":"cond-expr","locations":[{"start":{"line":38,"column":14},"end":{"line":38,"column":20}},{"start":{"line":39,"column":14},"end":{"line":39,"column":20}}]},"4":{"line":40,"type":"switch","locations":[{"start":{"line":42,"column":8},"end":{"line":47,"column":18}},{"start":{"line":49,"column":8},"end":{"line":52,"column":18}}]},"5":{"line":44,"type":"binary-expr","locations":[{"start":{"line":44,"column":16},"end":{"line":44,"column":44}},{"start":{"line":44,"column":48},"end":{"line":44,"column":66}}]},"6":{"line":50,"type":"binary-expr","locations":[{"start":{"line":50,"column":21},"end":{"line":50,"column":49}},{"start":{"line":50,"column":53},"end":{"line":50,"column":72}}]},"7":{"line":64,"type":"switch","locations":[{"start":{"line":69,"column":4},"end":{"line":70,"column":14}},{"start":{"line":75,"column":4},"end":{"line":76,"column":14}}]},"8":{"line":85,"type":"switch","locations":[{"start":{"line":90,"column":4},"end":{"line":105,"column":14}},{"start":{"line":111,"column":4},"end":{"line":193,"column":14},"skip":true}]},"9":{"line":91,"type":"binary-expr","locations":[{"start":{"line":91,"column":42},"end":{"line":91,"column":73}},{"start":{"line":91,"column":77},"end":{"line":99,"column":9}}]},"10":{"line":102,"type":"binary-expr","locations":[{"start":{"line":102,"column":18},"end":{"line":102,"column":32}},{"start":{"line":103,"column":12},"end":{"line":103,"column":53}},{"start":{"line":104,"column":12},"end":{"line":104,"column":61}}]},"11":{"line":112,"type":"binary-expr","locations":[{"start":{"line":112,"column":45},"end":{"line":112,"column":79},"skip":true},{"start":{"line":112,"column":83},"end":{"line":121,"column":9},"skip":true}]},"12":{"line":123,"type":"binary-expr","locations":[{"start":{"line":123,"column":42},"end":{"line":123,"column":73},"skip":true},{"start":{"line":123,"column":77},"end":{"line":136,"column":9},"skip":true}]},"13":{"line":138,"type":"binary-expr","locations":[{"start":{"line":138,"column":48},"end":{"line":138,"column":85},"skip":true},{"start":{"line":139,"column":12},"end":{"line":145,"column":13},"skip":true}]},"14":{"line":147,"type":"binary-expr","locations":[{"start":{"line":147,"column":42},"end":{"line":147,"column":73},"skip":true},{"start":{"line":147,"column":77},"end":{"line":156,"column":9},"skip":true}]},"15":{"line":158,"type":"binary-expr","locations":[{"start":{"line":158,"column":45},"end":{"line":158,"column":79},"skip":true},{"start":{"line":158,"column":83},"end":{"line":167,"column":9},"skip":true}]},"16":{"line":169,"type":"binary-expr","locations":[{"start":{"line":169,"column":43},"end":{"line":169,"column":75},"skip":true},{"start":{"line":169,"column":79},"end":{"line":178,"column":9},"skip":true}]},"17":{"line":180,"type":"binary-expr","locations":[{"start":{"line":180,"column":41},"end":{"line":180,"column":71},"skip":true},{"start":{"line":180,"column":75},"end":{"line":189,"column":9},"skip":true}]}},"code":["/* istanbul instrument in package npmtest_react_datetime */","/*jslint","    bitwise: true,","    browser: true,","    maxerr: 8,","    maxlen: 96,","    node: true,","    nomen: true,","    regexp: true,","    stupid: true","*/","(function () {","    'use strict';","    var local;","","","","    // run shared js-env code - pre-init","    (function () {","        // init local","        local = {};","        // init modeJs","        local.modeJs = (function () {","            try {","                return typeof navigator.userAgent === 'string' &&","                    typeof document.querySelector('body') === 'object' &&","                    typeof XMLHttpRequest.prototype.open === 'function' &&","                    'browser';","            } catch (errorCaughtBrowser) {","                return module.exports &&","                    typeof process.versions.node === 'string' &&","                    typeof require('http').createServer === 'function' &&","                    'node';","            }","        }());","        // init global","        local.global = local.modeJs === 'browser'","            ? window","            : global;","        switch (local.modeJs) {","        // re-init local from window.local","        case 'browser':","            local = local.global.utility2.objectSetDefault(","                local.global.utility2_rollup || local.global.local,","                local.global.utility2","            );","            break;","        // re-init local from example.js","        case 'node':","            local = (local.global.utility2_rollup || require('utility2'))","                .requireReadme();","            break;","        }","        // export local","        local.global.local = local;","    }());","","","","    // run shared js-env code - function","    (function () {","        return;","    }());","    switch (local.modeJs) {","","","","    // run browser js-env code - function","    case 'browser':","        break;","","","","    // run node js-env code - function","    case 'node':","        break;","    }","","","","    // run shared js-env code - post-init","    (function () {","        return;","    }());","    switch (local.modeJs) {","","","","    // run browser js-env code - post-init","    case 'browser':","        local.testCase_browser_nullCase = local.testCase_browser_nullCase || function (","            options,","            onError","        ) {","        /*","         * this function will test browsers's null-case handling-behavior-behavior","         */","            onError(null, options);","        };","","        // run tests","        local.nop(local.modeTest &&","            document.querySelector('#testRunButton1') &&","            document.querySelector('#testRunButton1').click());","        break;","","","","    // run node js-env code - post-init","    /* istanbul ignore next */","    case 'node':","        local.testCase_buildApidoc_default = local.testCase_buildApidoc_default || function (","            options,","            onError","        ) {","        /*","         * this function will test buildApidoc's default handling-behavior-behavior","         */","            options = { modulePathList: module.paths };","            local.buildApidoc(options, onError);","        };","","        local.testCase_buildApp_default = local.testCase_buildApp_default || function (","            options,","            onError","        ) {","        /*","         * this function will test buildApp's default handling-behavior-behavior","         */","            local.testCase_buildReadme_default(options, local.onErrorThrow);","            local.testCase_buildLib_default(options, local.onErrorThrow);","            local.testCase_buildTest_default(options, local.onErrorThrow);","            local.testCase_buildCustomOrg_default(options, local.onErrorThrow);","            options = [];","            local.buildApp(options, onError);","        };","","        local.testCase_buildCustomOrg_default = local.testCase_buildCustomOrg_default ||","            function (options, onError) {","            /*","             * this function will test buildCustomOrg's default handling-behavior","             */","                options = {};","                local.buildCustomOrg(options, onError);","            };","","        local.testCase_buildLib_default = local.testCase_buildLib_default || function (","            options,","            onError","        ) {","        /*","         * this function will test buildLib's default handling-behavior","         */","            options = {};","            local.buildLib(options, onError);","        };","","        local.testCase_buildReadme_default = local.testCase_buildReadme_default || function (","            options,","            onError","        ) {","        /*","         * this function will test buildReadme's default handling-behavior-behavior","         */","            options = {};","            local.buildReadme(options, onError);","        };","","        local.testCase_buildTest_default = local.testCase_buildTest_default || function (","            options,","            onError","        ) {","        /*","         * this function will test buildTest's default handling-behavior","         */","            options = {};","            local.buildTest(options, onError);","        };","","        local.testCase_webpage_default = local.testCase_webpage_default || function (","            options,","            onError","        ) {","        /*","         * this function will test webpage's default handling-behavior","         */","            options = { modeCoverageMerge: true, url: local.serverLocalHost + '?modeTest=1' };","            local.browserTest(options, onError);","        };","","        // run test-server","        local.testRunServer(local);","        break;","    }","}());",""],"l":{"12":2,"14":2,"19":2,"21":2,"23":2,"24":2,"25":2,"30":1,"37":2,"40":2,"43":1,"47":1,"50":1,"52":1,"55":2,"61":2,"62":2,"64":2,"70":1,"76":1,"82":2,"83":2,"85":2,"91":1,"98":1,"102":1,"105":1,"112":1,"119":1,"120":1,"123":1,"130":1,"131":1,"132":1,"133":1,"134":1,"135":1,"138":1,"143":2,"144":2,"147":1,"154":2,"155":2,"158":1,"165":2,"166":2,"169":1,"176":2,"177":2,"180":1,"187":1,"188":1,"192":1,"193":1}},"/home/travis/build/npmtest/node-npmtest-react-datetime/lib.npmtest_react_datetime.js":{"path":"/home/travis/build/npmtest/node-npmtest-react-datetime/lib.npmtest_react_datetime.js","s":{"1":2,"2":2,"3":2,"4":2,"5":2,"6":2,"7":2,"8":1,"9":2,"10":2,"11":2,"12":2,"13":1,"14":1,"15":1,"16":1},"b":{"1":[2,1,1,1],"2":[1,1,1,1],"3":[1,1],"4":[2,2],"5":[1,1]},"f":{"1":2,"2":2,"3":2},"fnMap":{"1":{"name":"(anonymous_1)","line":12,"loc":{"start":{"line":12,"column":1},"end":{"line":12,"column":13}}},"2":{"name":"(anonymous_2)","line":19,"loc":{"start":{"line":19,"column":5},"end":{"line":19,"column":17}}},"3":{"name":"(anonymous_3)","line":23,"loc":{"start":{"line":23,"column":24},"end":{"line":23,"column":36}}}},"statementMap":{"1":{"start":{"line":12,"column":0},"end":{"line":53,"column":5}},"2":{"start":{"line":14,"column":4},"end":{"line":14,"column":14}},"3":{"start":{"line":19,"column":4},"end":{"line":52,"column":9}},"4":{"start":{"line":21,"column":8},"end":{"line":21,"column":19}},"5":{"start":{"line":23,"column":8},"end":{"line":35,"column":13}},"6":{"start":{"line":24,"column":12},"end":{"line":34,"column":13}},"7":{"start":{"line":25,"column":16},"end":{"line":28,"column":30}},"8":{"start":{"line":30,"column":16},"end":{"line":33,"column":27}},"9":{"start":{"line":37,"column":8},"end":{"line":39,"column":21}},"10":{"start":{"line":41,"column":8},"end":{"line":41,"column":54}},"11":{"start":{"line":43,"column":8},"end":{"line":43,"column":59}},"12":{"start":{"line":45,"column":8},"end":{"line":51,"column":9}},"13":{"start":{"line":46,"column":12},"end":{"line":46,"column":65}},"14":{"start":{"line":48,"column":12},"end":{"line":48,"column":35}},"15":{"start":{"line":49,"column":12},"end":{"line":49,"column":49}},"16":{"start":{"line":50,"column":12},"end":{"line":50,"column":43}}},"branchMap":{"1":{"line":25,"type":"binary-expr","locations":[{"start":{"line":25,"column":23},"end":{"line":25,"column":62}},{"start":{"line":26,"column":20},"end":{"line":26,"column":70}},{"start":{"line":27,"column":20},"end":{"line":27,"column":71}},{"start":{"line":28,"column":20},"end":{"line":28,"column":29}}]},"2":{"line":30,"type":"binary-expr","locations":[{"start":{"line":30,"column":23},"end":{"line":30,"column":37}},{"start":{"line":31,"column":20},"end":{"line":31,"column":61}},{"start":{"line":32,"column":20},"end":{"line":32,"column":70}},{"start":{"line":33,"column":20},"end":{"line":33,"column":26}}]},"3":{"line":37,"type":"cond-expr","locations":[{"start":{"line":38,"column":14},"end":{"line":38,"column":20}},{"start":{"line":39,"column":14},"end":{"line":39,"column":20}}]},"4":{"line":41,"type":"binary-expr","locations":[{"start":{"line":41,"column":16},"end":{"line":41,"column":44}},{"start":{"line":41,"column":48},"end":{"line":41,"column":53}}]},"5":{"line":45,"type":"if","locations":[{"start":{"line":45,"column":8},"end":{"line":45,"column":8}},{"start":{"line":45,"column":8},"end":{"line":45,"column":8}}]}},"code":["/* istanbul instrument in package npmtest_react_datetime */","/*jslint","    bitwise: true,","    browser: true,","    maxerr: 8,","    maxlen: 96,","    node: true,","    nomen: true,","    regexp: true,","    stupid: true","*/","(function () {","    'use strict';","    var local;","","","","    // run shared js-env code - pre-init","    (function () {","        // init local","        local = {};","        // init modeJs","        local.modeJs = (function () {","            try {","                return typeof navigator.userAgent === 'string' &&","                    typeof document.querySelector('body') === 'object' &&","                    typeof XMLHttpRequest.prototype.open === 'function' &&","                    'browser';","            } catch (errorCaughtBrowser) {","                return module.exports &&","                    typeof process.versions.node === 'string' &&","                    typeof require('http').createServer === 'function' &&","                    'node';","            }","        }());","        // init global","        local.global = local.modeJs === 'browser'","            ? window","            : global;","        // init utility2_rollup","        local = local.global.utility2_rollup || local;","        // init lib","        local.local = local.npmtest_react_datetime = local;","        // init exports","        if (local.modeJs === 'browser') {","            local.global.utility2_npmtest_react_datetime = local;","        } else {","            module.exports = local;","            module.exports.__dirname = __dirname;","            module.exports.module = module;","        }","    }());","}());",""],"l":{"12":2,"14":2,"19":2,"21":2,"23":2,"24":2,"25":2,"30":1,"37":2,"41":2,"43":2,"45":2,"46":1,"48":1,"49":1,"50":1}},"/home/travis/build/npmtest/node-npmtest-react-datetime/example.js":{"path":"/home/travis/build/npmtest/node-npmtest-react-datetime/example.js","s":{"1":2,"2":2,"3":2,"4":2,"5":2,"6":2,"7":2,"8":1,"9":2,"10":2,"11":2,"12":2,"13":1,"14":2,"15":2,"16":2,"17":2,"18":2,"19":0,"20":2,"21":1,"22":1,"23":1,"24":1,"25":1,"26":0,"27":0,"28":1,"29":1,"30":2,"31":0,"32":0,"33":0,"34":1,"35":2,"36":2,"37":3,"38":3,"39":3,"40":3,"41":0,"42":3,"43":3,"44":3,"45":1,"46":3,"47":1,"48":1,"49":1,"50":1,"51":1,"52":1,"53":1,"54":1,"55":1,"56":1,"57":0,"58":1,"59":6,"60":6,"61":1,"62":2,"63":0,"64":2,"65":1,"66":1,"67":0,"68":0,"69":0,"70":0,"71":0,"72":0,"73":0,"74":0,"75":0,"76":0,"77":0,"78":0,"79":0,"80":0,"81":0,"82":0,"83":0},"b":{"1":[2,1,1,1],"2":[1,1,1,1],"3":[1,1],"4":[2,2],"5":[1,1],"6":[1,1],"7":[2,0],"8":[2,1,1,1,1,1],"9":[0,2,0],"10":[1,1],"11":[2,1,1],"12":[1,0],"13":[0,2],"14":[2,0,0,0,0,0,0],"15":[0,3],"16":[3,0],"17":[1,1],"18":[0,1],"19":[1,2,0,2],"20":[1,0],"21":[1,1],"22":[0,0],"23":[0,0],"24":[0,0],"25":[0,0],"26":[0,0],"27":[0,0],"28":[0,0]},"f":{"1":2,"2":2,"3":2,"4":2,"5":2,"6":2,"7":3,"8":3,"9":3,"10":1,"11":6,"12":0},"fnMap":{"1":{"name":"(anonymous_1)","line":26,"loc":{"start":{"line":26,"column":1},"end":{"line":26,"column":13}}},"2":{"name":"(anonymous_2)","line":33,"loc":{"start":{"line":33,"column":5},"end":{"line":33,"column":17}}},"3":{"name":"(anonymous_3)","line":37,"loc":{"start":{"line":37,"column":24},"end":{"line":37,"column":36}}},"4":{"name":"(anonymous_4)","line":69,"loc":{"start":{"line":69,"column":31},"end":{"line":69,"column":48}},"skip":true},"5":{"name":"(anonymous_5)","line":78,"loc":{"start":{"line":78,"column":26},"end":{"line":78,"column":45}},"skip":true},"6":{"name":"(anonymous_6)","line":123,"loc":{"start":{"line":123,"column":33},"end":{"line":123,"column":48}},"skip":true},"7":{"name":"(anonymous_7)","line":125,"loc":{"start":{"line":125,"column":27},"end":{"line":125,"column":39}},"skip":true},"8":{"name":"(anonymous_8)","line":133,"loc":{"start":{"line":133,"column":59},"end":{"line":133,"column":74}},"skip":true},"9":{"name":"(anonymous_9)","line":143,"loc":{"start":{"line":143,"column":45},"end":{"line":143,"column":62}},"skip":true},"10":{"name":"(anonymous_10)","line":144,"loc":{"start":{"line":144,"column":73},"end":{"line":144,"column":92}},"skip":true},"11":{"name":"(anonymous_11)","line":272,"loc":{"start":{"line":272,"column":51},"end":{"line":272,"column":77}},"skip":true},"12":{"name":"(anonymous_12)","line":315,"loc":{"start":{"line":315,"column":32},"end":{"line":315,"column":61}},"skip":true}},"statementMap":{"1":{"start":{"line":26,"column":0},"end":{"line":326,"column":5}},"2":{"start":{"line":28,"column":4},"end":{"line":28,"column":14}},"3":{"start":{"line":33,"column":4},"end":{"line":60,"column":9}},"4":{"start":{"line":35,"column":8},"end":{"line":35,"column":19}},"5":{"start":{"line":37,"column":8},"end":{"line":49,"column":13}},"6":{"start":{"line":38,"column":12},"end":{"line":48,"column":13}},"7":{"start":{"line":39,"column":16},"end":{"line":42,"column":30}},"8":{"start":{"line":44,"column":16},"end":{"line":47,"column":27}},"9":{"start":{"line":51,"column":8},"end":{"line":53,"column":21}},"10":{"start":{"line":55,"column":8},"end":{"line":57,"column":45}},"11":{"start":{"line":59,"column":8},"end":{"line":59,"column":35}},"12":{"start":{"line":61,"column":4},"end":{"line":325,"column":5}},"13":{"start":{"line":69,"column":8},"end":{"line":121,"column":10},"skip":true},"14":{"start":{"line":70,"column":12},"end":{"line":88,"column":13},"skip":true},"15":{"start":{"line":76,"column":16},"end":{"line":87,"column":19},"skip":true},"16":{"start":{"line":79,"column":20},"end":{"line":86,"column":21},"skip":true},"17":{"start":{"line":82,"column":24},"end":{"line":82,"column":43},"skip":true},"18":{"start":{"line":83,"column":24},"end":{"line":83,"column":30},"skip":true},"19":{"start":{"line":85,"column":24},"end":{"line":85,"column":49},"skip":true},"20":{"start":{"line":89,"column":12},"end":{"line":107,"column":13},"skip":true},"21":{"start":{"line":92,"column":16},"end":{"line":102,"column":17},"skip":true},"22":{"start":{"line":93,"column":20},"end":{"line":93,"column":86},"skip":true},"23":{"start":{"line":94,"column":20},"end":{"line":95,"column":45},"skip":true},"24":{"start":{"line":96,"column":20},"end":{"line":96,"column":42},"skip":true},"25":{"start":{"line":97,"column":20},"end":{"line":97,"column":48},"skip":true},"26":{"start":{"line":100,"column":20},"end":{"line":100,"column":85},"skip":true},"27":{"start":{"line":101,"column":20},"end":{"line":101,"column":96},"skip":true},"28":{"start":{"line":103,"column":16},"end":{"line":103,"column":22},"skip":true},"29":{"start":{"line":106,"column":16},"end":{"line":106,"column":22},"skip":true},"30":{"start":{"line":108,"column":12},"end":{"line":120,"column":13},"skip":true},"31":{"start":{"line":114,"column":16},"end":{"line":119,"column":17},"skip":true},"32":{"start":{"line":116,"column":20},"end":{"line":116,"column":78},"skip":true},"33":{"start":{"line":118,"column":20},"end":{"line":118,"column":47},"skip":true},"34":{"start":{"line":123,"column":8},"end":{"line":141,"column":11},"skip":true},"35":{"start":{"line":124,"column":12},"end":{"line":124,"column":54},"skip":true},"36":{"start":{"line":125,"column":12},"end":{"line":140,"column":14},"skip":true},"37":{"start":{"line":126,"column":16},"end":{"line":126,"column":28},"skip":true},"38":{"start":{"line":127,"column":16},"end":{"line":127,"column":69},"skip":true},"39":{"start":{"line":128,"column":16},"end":{"line":128,"column":75},"skip":true},"40":{"start":{"line":129,"column":16},"end":{"line":131,"column":17},"skip":true},"41":{"start":{"line":130,"column":20},"end":{"line":130,"column":27},"skip":true},"42":{"start":{"line":133,"column":16},"end":{"line":137,"column":36},"skip":true},"43":{"start":{"line":134,"column":20},"end":{"line":136,"column":55},"skip":true},"44":{"start":{"line":139,"column":16},"end":{"line":139,"column":57},"skip":true},"45":{"start":{"line":143,"column":8},"end":{"line":147,"column":11},"skip":true},"46":{"start":{"line":144,"column":12},"end":{"line":146,"column":15},"skip":true},"47":{"start":{"line":145,"column":16},"end":{"line":145,"column":70},"skip":true},"48":{"start":{"line":149,"column":8},"end":{"line":149,"column":31},"skip":true},"49":{"start":{"line":150,"column":8},"end":{"line":150,"column":14},"skip":true},"50":{"start":{"line":158,"column":8},"end":{"line":158,"column":31},"skip":true},"51":{"start":{"line":160,"column":8},"end":{"line":160,"column":33},"skip":true},"52":{"start":{"line":161,"column":8},"end":{"line":161,"column":37},"skip":true},"53":{"start":{"line":162,"column":8},"end":{"line":162,"column":35},"skip":true},"54":{"start":{"line":164,"column":8},"end":{"line":164,"column":50},"skip":true},"55":{"start":{"line":166,"column":8},"end":{"line":256,"column":2},"skip":true},"56":{"start":{"line":258,"column":8},"end":{"line":286,"column":9},"skip":true},"57":{"start":{"line":259,"column":12},"end":{"line":269,"column":14},"skip":true},"58":{"start":{"line":271,"column":12},"end":{"line":285,"column":19},"skip":true},"59":{"start":{"line":274,"column":20},"end":{"line":274,"column":35},"skip":true},"60":{"start":{"line":275,"column":20},"end":{"line":284,"column":21},"skip":true},"61":{"start":{"line":277,"column":24},"end":{"line":277,"column":64},"skip":true},"62":{"start":{"line":279,"column":24},"end":{"line":279,"column":40},"skip":true},"63":{"start":{"line":281,"column":24},"end":{"line":281,"column":40},"skip":true},"64":{"start":{"line":283,"column":24},"end":{"line":283,"column":39},"skip":true},"65":{"start":{"line":288,"column":8},"end":{"line":290,"column":9},"skip":true},"66":{"start":{"line":289,"column":12},"end":{"line":289,"column":18},"skip":true},"67":{"start":{"line":291,"column":8},"end":{"line":293,"column":54},"skip":true},"68":{"start":{"line":296,"column":8},"end":{"line":301,"column":37},"skip":true},"69":{"start":{"line":303,"column":8},"end":{"line":303,"column":82},"skip":true},"70":{"start":{"line":306,"column":8},"end":{"line":308,"column":9},"skip":true},"71":{"start":{"line":307,"column":12},"end":{"line":307,"column":82},"skip":true},"72":{"start":{"line":310,"column":8},"end":{"line":312,"column":9},"skip":true},"73":{"start":{"line":311,"column":12},"end":{"line":311,"column":18},"skip":true},"74":{"start":{"line":313,"column":8},"end":{"line":313,"column":54},"skip":true},"75":{"start":{"line":314,"column":8},"end":{"line":314,"column":69},"skip":true},"76":{"start":{"line":315,"column":8},"end":{"line":323,"column":36},"skip":true},"77":{"start":{"line":316,"column":12},"end":{"line":316,"column":61},"skip":true},"78":{"start":{"line":317,"column":12},"end":{"line":320,"column":13},"skip":true},"79":{"start":{"line":318,"column":16},"end":{"line":318,"column":75},"skip":true},"80":{"start":{"line":319,"column":16},"end":{"line":319,"column":23},"skip":true},"81":{"start":{"line":321,"column":12},"end":{"line":321,"column":38},"skip":true},"82":{"start":{"line":322,"column":12},"end":{"line":322,"column":27},"skip":true},"83":{"start":{"line":324,"column":8},"end":{"line":324,"column":14},"skip":true}},"branchMap":{"1":{"line":39,"type":"binary-expr","locations":[{"start":{"line":39,"column":23},"end":{"line":39,"column":62}},{"start":{"line":40,"column":20},"end":{"line":40,"column":70}},{"start":{"line":41,"column":20},"end":{"line":41,"column":71}},{"start":{"line":42,"column":20},"end":{"line":42,"column":29}}]},"2":{"line":44,"type":"binary-expr","locations":[{"start":{"line":44,"column":23},"end":{"line":44,"column":37}},{"start":{"line":45,"column":20},"end":{"line":45,"column":61}},{"start":{"line":46,"column":20},"end":{"line":46,"column":70}},{"start":{"line":47,"column":20},"end":{"line":47,"column":26}}]},"3":{"line":51,"type":"cond-expr","locations":[{"start":{"line":52,"column":14},"end":{"line":52,"column":20}},{"start":{"line":53,"column":14},"end":{"line":53,"column":20}}]},"4":{"line":55,"type":"binary-expr","locations":[{"start":{"line":55,"column":16},"end":{"line":55,"column":44}},{"start":{"line":55,"column":49},"end":{"line":57,"column":43}}]},"5":{"line":55,"type":"cond-expr","locations":[{"start":{"line":56,"column":14},"end":{"line":56,"column":58}},{"start":{"line":57,"column":14},"end":{"line":57,"column":43}}]},"6":{"line":61,"type":"switch","locations":[{"start":{"line":68,"column":4},"end":{"line":150,"column":14},"skip":true},{"start":{"line":156,"column":4},"end":{"line":324,"column":14},"skip":true}]},"7":{"line":70,"type":"if","locations":[{"start":{"line":70,"column":12},"end":{"line":70,"column":12},"skip":true},{"start":{"line":70,"column":12},"end":{"line":70,"column":12},"skip":true}]},"8":{"line":70,"type":"binary-expr","locations":[{"start":{"line":70,"column":16},"end":{"line":70,"column":22},"skip":true},{"start":{"line":70,"column":27},"end":{"line":70,"column":32},"skip":true},{"start":{"line":71,"column":20},"end":{"line":71,"column":39},"skip":true},{"start":{"line":72,"column":20},"end":{"line":72,"column":49},"skip":true},{"start":{"line":73,"column":20},"end":{"line":73,"column":58},"skip":true},{"start":{"line":74,"column":20},"end":{"line":74,"column":69},"skip":true}]},"9":{"line":79,"type":"switch","locations":[{"start":{"line":80,"column":20},"end":{"line":80,"column":33},"skip":true},{"start":{"line":81,"column":20},"end":{"line":83,"column":30},"skip":true},{"start":{"line":84,"column":20},"end":{"line":85,"column":49},"skip":true}]},"10":{"line":89,"type":"switch","locations":[{"start":{"line":90,"column":12},"end":{"line":103,"column":22},"skip":true},{"start":{"line":105,"column":12},"end":{"line":106,"column":22},"skip":true}]},"11":{"line":89,"type":"binary-expr","locations":[{"start":{"line":89,"column":20},"end":{"line":89,"column":25},"skip":true},{"start":{"line":89,"column":29},"end":{"line":89,"column":48},"skip":true},{"start":{"line":89,"column":52},"end":{"line":89,"column":74},"skip":true}]},"12":{"line":92,"type":"if","locations":[{"start":{"line":92,"column":16},"end":{"line":92,"column":16},"skip":true},{"start":{"line":92,"column":16},"end":{"line":92,"column":16},"skip":true}]},"13":{"line":108,"type":"if","locations":[{"start":{"line":108,"column":12},"end":{"line":108,"column":12},"skip":true},{"start":{"line":108,"column":12},"end":{"line":108,"column":12},"skip":true}]},"14":{"line":108,"type":"binary-expr","locations":[{"start":{"line":108,"column":16},"end":{"line":108,"column":61},"skip":true},{"start":{"line":108,"column":66},"end":{"line":108,"column":72},"skip":true},{"start":{"line":108,"column":77},"end":{"line":108,"column":82},"skip":true},{"start":{"line":109,"column":20},"end":{"line":109,"column":39},"skip":true},{"start":{"line":110,"column":20},"end":{"line":110,"column":49},"skip":true},{"start":{"line":111,"column":20},"end":{"line":111,"column":58},"skip":true},{"start":{"line":112,"column":20},"end":{"line":112,"column":68},"skip":true}]},"15":{"line":129,"type":"if","locations":[{"start":{"line":129,"column":16},"end":{"line":129,"column":16},"skip":true},{"start":{"line":129,"column":16},"end":{"line":129,"column":16},"skip":true}]},"16":{"line":134,"type":"cond-expr","locations":[{"start":{"line":135,"column":26},"end":{"line":135,"column":29},"skip":true},{"start":{"line":136,"column":26},"end":{"line":136,"column":54},"skip":true}]},"17":{"line":164,"type":"binary-expr","locations":[{"start":{"line":164,"column":27},"end":{"line":164,"column":43},"skip":true},{"start":{"line":164,"column":47},"end":{"line":164,"column":49},"skip":true}]},"18":{"line":258,"type":"if","locations":[{"start":{"line":258,"column":8},"end":{"line":258,"column":8},"skip":true},{"start":{"line":258,"column":8},"end":{"line":258,"column":8},"skip":true}]},"19":{"line":275,"type":"switch","locations":[{"start":{"line":276,"column":20},"end":{"line":277,"column":64},"skip":true},{"start":{"line":278,"column":20},"end":{"line":279,"column":40},"skip":true},{"start":{"line":280,"column":20},"end":{"line":281,"column":40},"skip":true},{"start":{"line":282,"column":20},"end":{"line":283,"column":39},"skip":true}]},"20":{"line":288,"type":"if","locations":[{"start":{"line":288,"column":8},"end":{"line":288,"column":8},"skip":true},{"start":{"line":288,"column":8},"end":{"line":288,"column":8},"skip":true}]},"21":{"line":288,"type":"binary-expr","locations":[{"start":{"line":288,"column":12},"end":{"line":288,"column":40},"skip":true},{"start":{"line":288,"column":44},"end":{"line":288,"column":67},"skip":true}]},"22":{"line":292,"type":"binary-expr","locations":[{"start":{"line":292,"column":12},"end":{"line":292,"column":50},"skip":true},{"start":{"line":293,"column":12},"end":{"line":293,"column":53},"skip":true}]},"23":{"line":297,"type":"binary-expr","locations":[{"start":{"line":297,"column":12},"end":{"line":297,"column":72},"skip":true},{"start":{"line":298,"column":12},"end":{"line":301,"column":36},"skip":true}]},"24":{"line":303,"type":"binary-expr","locations":[{"start":{"line":303,"column":43},"end":{"line":303,"column":75},"skip":true},{"start":{"line":303,"column":79},"end":{"line":303,"column":81},"skip":true}]},"25":{"line":306,"type":"if","locations":[{"start":{"line":306,"column":8},"end":{"line":306,"column":8},"skip":true},{"start":{"line":306,"column":8},"end":{"line":306,"column":8},"skip":true}]},"26":{"line":310,"type":"if","locations":[{"start":{"line":310,"column":8},"end":{"line":310,"column":8},"skip":true},{"start":{"line":310,"column":8},"end":{"line":310,"column":8},"skip":true}]},"27":{"line":313,"type":"binary-expr","locations":[{"start":{"line":313,"column":27},"end":{"line":313,"column":43},"skip":true},{"start":{"line":313,"column":47},"end":{"line":313,"column":53},"skip":true}]},"28":{"line":317,"type":"if","locations":[{"start":{"line":317,"column":12},"end":{"line":317,"column":12},"skip":true},{"start":{"line":317,"column":12},"end":{"line":317,"column":12},"skip":true}]}},"code":["/*","example.js","","quickstart example","","instruction","    1. save this script as example.js","    2. run the shell command:","        $ npm install npmtest-react-datetime && PORT=8081 node example.js","    3. play with the browser-demo on http://127.0.0.1:8081","*/","","","","/* istanbul instrument in package npmtest_react_datetime */","/*jslint","    bitwise: true,","    browser: true,","    maxerr: 8,","    maxlen: 96,","    node: true,","    nomen: true,","    regexp: true,","    stupid: true","*/","(function () {","    'use strict';","    var local;","","","","    // run shared js-env code - pre-init","    (function () {","        // init local","        local = {};","        // init modeJs","        local.modeJs = (function () {","            try {","                return typeof navigator.userAgent === 'string' &&","                    typeof document.querySelector('body') === 'object' &&","                    typeof XMLHttpRequest.prototype.open === 'function' &&","                    'browser';","            } catch (errorCaughtBrowser) {","                return module.exports &&","                    typeof process.versions.node === 'string' &&","                    typeof require('http').createServer === 'function' &&","                    'node';","            }","        }());","        // init global","        local.global = local.modeJs === 'browser'","            ? window","            : global;","        // init utility2_rollup","        local = local.global.utility2_rollup || (local.modeJs === 'browser'","            ? local.global.utility2_npmtest_react_datetime","            : global.utility2_moduleExports);","        // export local","        local.global.local = local;","    }());","    switch (local.modeJs) {","","","","    // post-init","    // run browser js-env code - post-init","    /* istanbul ignore next */","    case 'browser':","        local.testRunBrowser = function (event) {","            if (!event || (event &&","                    event.currentTarget &&","                    event.currentTarget.className &&","                    event.currentTarget.className.includes &&","                    event.currentTarget.className.includes('onreset'))) {","                // reset output","                Array.from(","                    document.querySelectorAll('body > .resettable')","                ).forEach(function (element) {","                    switch (element.tagName) {","                    case 'INPUT':","                    case 'TEXTAREA':","                        element.value = '';","                        break;","                    default:","                        element.textContent = '';","                    }","                });","            }","            switch (event && event.currentTarget && event.currentTarget.id) {","            case 'testRunButton1':","                // show tests","                if (document.querySelector('#testReportDiv1').style.display === 'none') {","                    document.querySelector('#testReportDiv1').style.display = 'block';","                    document.querySelector('#testRunButton1').textContent =","                        'hide internal test';","                    local.modeTest = true;","                    local.testRunDefault(local);","                // hide tests","                } else {","                    document.querySelector('#testReportDiv1').style.display = 'none';","                    document.querySelector('#testRunButton1').textContent = 'run internal test';","                }","                break;","            // custom-case","            default:","                break;","            }","            if (document.querySelector('#inputTextareaEval1') && (!event || (event &&","                    event.currentTarget &&","                    event.currentTarget.className &&","                    event.currentTarget.className.includes &&","                    event.currentTarget.className.includes('oneval')))) {","                // try to eval input-code","                try {","                    /*jslint evil: true*/","                    eval(document.querySelector('#inputTextareaEval1').value);","                } catch (errorCaught) {","                    console.error(errorCaught);","                }","            }","        };","        // log stderr and stdout to #outputTextareaStdout1","        ['error', 'log'].forEach(function (key) {","            console[key + '_original'] = console[key];","            console[key] = function () {","                var element;","                console[key + '_original'].apply(console, arguments);","                element = document.querySelector('#outputTextareaStdout1');","                if (!element) {","                    return;","                }","                // append text to #outputTextareaStdout1","                element.value += Array.from(arguments).map(function (arg) {","                    return typeof arg === 'string'","                        ? arg","                        : JSON.stringify(arg, null, 4);","                }).join(' ') + '\\n';","                // scroll textarea to bottom","                element.scrollTop = element.scrollHeight;","            };","        });","        // init event-handling","        ['change', 'click', 'keyup'].forEach(function (event) {","            Array.from(document.querySelectorAll('.on' + event)).forEach(function (element) {","                element.addEventListener(event, local.testRunBrowser);","            });","        });","        // run tests","        local.testRunBrowser();","        break;","","","","    // run node js-env code - post-init","    /* istanbul ignore next */","    case 'node':","        // export local","        module.exports = local;","        // require modules","        local.fs = require('fs');","        local.http = require('http');","        local.url = require('url');","        // init assets","        local.assetsDict = local.assetsDict || {};","        /* jslint-ignore-begin */","        local.assetsDict['/assets.index.template.html'] = '\\","<!doctype html>\\n\\","<html lang=\"en\">\\n\\","<head>\\n\\","<meta charset=\"UTF-8\">\\n\\","<meta name=\"viewport\" content=\"width=device-width, initial-scale=1\">\\n\\","<title>{{env.npm_package_name}} (v{{env.npm_package_version}})</title>\\n\\","<style>\\n\\","/*csslint\\n\\","    box-sizing: false,\\n\\","    universal-selector: false\\n\\","*/\\n\\","* {\\n\\","    box-sizing: border-box;\\n\\","}\\n\\","body {\\n\\","    background: #dde;\\n\\","    font-family: Arial, Helvetica, sans-serif;\\n\\","    margin: 2rem;\\n\\","}\\n\\","body > * {\\n\\","    margin-bottom: 1rem;\\n\\","}\\n\\",".utility2FooterDiv {\\n\\","    margin-top: 20px;\\n\\","    text-align: center;\\n\\","}\\n\\","</style>\\n\\","<style>\\n\\","/*csslint\\n\\","*/\\n\\","textarea {\\n\\","    font-family: monospace;\\n\\","    height: 10rem;\\n\\","    width: 100%;\\n\\","}\\n\\","textarea[readonly] {\\n\\","    background: #ddd;\\n\\","}\\n\\","</style>\\n\\","</head>\\n\\","<body>\\n\\","<!-- utility2-comment\\n\\","<div id=\"ajaxProgressDiv1\" style=\"background: #d00; height: 2px; left: 0; margin: 0; padding: 0; position: fixed; top: 0; transition: background 0.5s, width 1.5s; width: 25%;\"></div>\\n\\","utility2-comment -->\\n\\","<h1>\\n\\","<!-- utility2-comment\\n\\","    <a\\n\\","        {{#if env.npm_package_homepage}}\\n\\","        href=\"{{env.npm_package_homepage}}\"\\n\\","        {{/if env.npm_package_homepage}}\\n\\","        target=\"_blank\"\\n\\","    >\\n\\","utility2-comment -->\\n\\","        {{env.npm_package_name}} (v{{env.npm_package_version}})\\n\\","<!-- utility2-comment\\n\\","    </a>\\n\\","utility2-comment -->\\n\\","</h1>\\n\\","<h3>{{env.npm_package_description}}</h3>\\n\\","<!-- utility2-comment\\n\\","<h4><a download href=\"assets.app.js\">download standalone app</a></h4>\\n\\","<button class=\"onclick onreset\" id=\"testRunButton1\">run internal test</button><br>\\n\\","<div id=\"testReportDiv1\" style=\"display: none;\"></div>\\n\\","utility2-comment -->\\n\\","\\n\\","\\n\\","\\n\\","<label>stderr and stdout</label>\\n\\","<textarea class=\"resettable\" id=\"outputTextareaStdout1\" readonly></textarea>\\n\\","<!-- utility2-comment\\n\\","{{#if isRollup}}\\n\\","<script src=\"assets.app.js\"></script>\\n\\","{{#unless isRollup}}\\n\\","utility2-comment -->\\n\\","<script src=\"assets.utility2.rollup.js\"></script>\\n\\","<script src=\"jsonp.utility2._stateInit?callback=window.utility2._stateInit\"></script>\\n\\","<script src=\"assets.npmtest_react_datetime.rollup.js\"></script>\\n\\","<script src=\"assets.example.js\"></script>\\n\\","<script src=\"assets.test.js\"></script>\\n\\","<!-- utility2-comment\\n\\","{{/if isRollup}}\\n\\","utility2-comment -->\\n\\","<div class=\"utility2FooterDiv\">\\n\\","    [ this app was created with\\n\\","    <a href=\"https://github.com/kaizhu256/node-utility2\" target=\"_blank\">utility2</a>\\n\\","    ]\\n\\","</div>\\n\\","</body>\\n\\","</html>\\n\\","';","        /* jslint-ignore-end */","        if (local.templateRender) {","            local.assetsDict['/'] = local.templateRender(","                local.assetsDict['/assets.index.template.html'],","                {","                    env: local.objectSetDefault(local.env, {","                        npm_package_description: 'the greatest app in the world!',","                        npm_package_name: 'my-app',","                        npm_package_nameAlias: 'my_app',","                        npm_package_version: '0.0.1'","                    })","                }","            );","        } else {","            local.assetsDict['/'] = local.assetsDict['/assets.index.template.html']","                .replace((/\\{\\{env\\.(\\w+?)\\}\\}/g), function (match0, match1) {","                    // jslint-hack","                    String(match0);","                    switch (match1) {","                    case 'npm_package_description':","                        return 'the greatest app in the world!';","                    case 'npm_package_name':","                        return 'my-app';","                    case 'npm_package_nameAlias':","                        return 'my_app';","                    case 'npm_package_version':","                        return '0.0.1';","                    }","                });","        }","        // run the cli","        if (local.global.utility2_rollup || module !== require.main) {","            break;","        }","        local.assetsDict['/assets.example.js'] =","            local.assetsDict['/assets.example.js'] ||","            local.fs.readFileSync(__filename, 'utf8');","        // bug-workaround - long $npm_package_buildCustomOrg","        /* jslint-ignore-begin */","        local.assetsDict['/assets.npmtest_react_datetime.rollup.js'] =","            local.assetsDict['/assets.npmtest_react_datetime.rollup.js'] ||","            local.fs.readFileSync(","                local.npmtest_react_datetime.__dirname + '/lib.npmtest_react_datetime.js',","                'utf8'","            ).replace((/^#!/), '//');","        /* jslint-ignore-end */","        local.assetsDict['/favicon.ico'] = local.assetsDict['/favicon.ico'] || '';","        // if $npm_config_timeout_exit exists,","        // then exit this process after $npm_config_timeout_exit ms","        if (Number(process.env.npm_config_timeout_exit)) {","            setTimeout(process.exit, Number(process.env.npm_config_timeout_exit));","        }","        // start server","        if (local.global.utility2_serverHttp1) {","            break;","        }","        process.env.PORT = process.env.PORT || '8081';","        console.error('server starting on port ' + process.env.PORT);","        local.http.createServer(function (request, response) {","            request.urlParsed = local.url.parse(request.url);","            if (local.assetsDict[request.urlParsed.pathname] !== undefined) {","                response.end(local.assetsDict[request.urlParsed.pathname]);","                return;","            }","            response.statusCode = 404;","            response.end();","        }).listen(process.env.PORT);","        break;","    }","}());",""],"l":{"26":2,"28":2,"33":2,"35":2,"37":2,"38":2,"39":2,"44":1,"51":2,"55":2,"59":2,"61":2,"69":1,"70":2,"76":2,"79":2,"82":2,"83":2,"85":1,"89":2,"92":1,"93":1,"94":1,"96":1,"97":1,"100":1,"101":1,"103":1,"106":1,"108":2,"114":1,"116":1,"118":1,"123":1,"124":2,"125":2,"126":3,"127":3,"128":3,"129":3,"130":1,"133":3,"134":3,"139":3,"143":1,"144":3,"145":1,"149":1,"150":1,"158":1,"160":1,"161":1,"162":1,"164":1,"166":1,"258":1,"259":1,"271":1,"274":6,"275":6,"277":1,"279":2,"281":1,"283":2,"288":1,"289":1,"291":1,"296":1,"303":1,"306":1,"307":1,"310":1,"311":1,"313":1,"314":1,"315":1,"316":1,"317":1,"318":1,"319":1,"321":1,"322":1,"324":1}},"/home/travis/build/npmtest/node-npmtest-react-datetime/node_modules/react-datetime/DateTime.js":{"path":"/home/travis/build/npmtest/node-npmtest-react-datetime/node_modules/react-datetime/DateTime.js","s":{"1":1,"2":1,"3":1,"4":1,"5":1,"6":0,"7":0,"8":0,"9":0,"10":0,"11":0,"12":0,"13":0,"14":0,"15":0,"16":0,"17":0,"18":0,"19":0,"20":0,"21":0,"22":0,"23":0,"24":0,"25":0,"26":0,"27":0,"28":0,"29":0,"30":0,"31":0,"32":0,"33":0,"34":0,"35":0,"36":0,"37":0,"38":0,"39":0,"40":0,"41":0,"42":0,"43":0,"44":0,"45":0,"46":0,"47":0,"48":0,"49":0,"50":0,"51":0,"52":0,"53":0,"54":0,"55":0,"56":0,"57":0,"58":0,"59":0,"60":0,"61":0,"62":0,"63":0,"64":0,"65":0,"66":0,"67":0,"68":0,"69":0,"70":0,"71":0,"72":0,"73":0,"74":0,"75":0,"76":0,"77":0,"78":0,"79":0,"80":0,"81":0,"82":0,"83":0,"84":0,"85":0,"86":0,"87":0,"88":0,"89":0,"90":0,"91":0,"92":0,"93":0,"94":0,"95":0,"96":0,"97":0,"98":0,"99":0,"100":0,"101":0,"102":0,"103":0,"104":0,"105":0,"106":0,"107":0,"108":0,"109":0,"110":0,"111":0,"112":0,"113":0,"114":0,"115":0,"116":0,"117":0,"118":0,"119":0,"120":0,"121":0,"122":0,"123":0,"124":0,"125":0,"126":0,"127":0,"128":0,"129":0,"130":0,"131":0,"132":0,"133":0,"134":0,"135":0,"136":0,"137":0,"138":0,"139":0,"140":0,"141":0,"142":0,"143":0,"144":0,"145":0,"146":0,"147":0,"148":0,"149":0,"150":0,"151":1,"152":1},"b":{"1":[0,0],"2":[0,0],"3":[0,0,0],"4":[0,0],"5":[0,0],"6":[0,0],"7":[0,0],"8":[0,0],"9":[0,0],"10":[0,0],"11":[0,0],"12":[0,0],"13":[0,0],"14":[0,0],"15":[0,0],"16":[0,0],"17":[0,0],"18":[0,0],"19":[0,0],"20":[0,0],"21":[0,0],"22":[0,0],"23":[0,0],"24":[0,0],"25":[0,0],"26":[0,0],"27":[0,0],"28":[0,0],"29":[0,0],"30":[0,0],"31":[0,0],"32":[0,0],"33":[0,0],"34":[0,0],"35":[0,0],"36":[0,0],"37":[0,0],"38":[0,0],"39":[0,0],"40":[0,0],"41":[0,0],"42":[0,0],"43":[0,0],"44":[0,0],"45":[0,0],"46":[0,0],"47":[0,0],"48":[0,0],"49":[0,0],"50":[0,0],"51":[0,0],"52":[0,0],"53":[0,0],"54":[0,0],"55":[0,0],"56":[0,0],"57":[0,0],"58":[0,0],"59":[0,0],"60":[0,0],"61":[0,0],"62":[0,0],"63":[0,0],"64":[0,0,0],"65":[0,0],"66":[0,0],"67":[0,0],"68":[0,0],"69":[0,0],"70":[0,0],"71":[0,0],"72":[0,0]},"f":{"1":1,"2":0,"3":0,"4":0,"5":0,"6":0,"7":0,"8":0,"9":0,"10":0,"11":0,"12":0,"13":0,"14":0,"15":0,"16":0,"17":0,"18":0,"19":0,"20":0,"21":0,"22":0,"23":0,"24":0,"25":0,"26":0,"27":0,"28":0,"29":0,"30":0,"31":0,"32":0},"fnMap":{"1":{"name":"(anonymous_1)","line":32,"loc":{"start":{"line":32,"column":18},"end":{"line":32,"column":29}}},"2":{"name":"(anonymous_2)","line":33,"loc":{"start":{"line":33,"column":12},"end":{"line":33,"column":23}}},"3":{"name":"(anonymous_3)","line":52,"loc":{"start":{"line":52,"column":18},"end":{"line":52,"column":29}}},"4":{"name":"(anonymous_4)","line":63,"loc":{"start":{"line":63,"column":20},"end":{"line":63,"column":38}}},"5":{"name":"(anonymous_5)","line":101,"loc":{"start":{"line":101,"column":14},"end":{"line":101,"column":34}}},"6":{"name":"(anonymous_6)","line":115,"loc":{"start":{"line":115,"column":13},"end":{"line":115,"column":31}}},"7":{"name":"(anonymous_7)","line":142,"loc":{"start":{"line":142,"column":28},"end":{"line":142,"column":50}}},"8":{"name":"(anonymous_8)","line":197,"loc":{"start":{"line":197,"column":16},"end":{"line":197,"column":30}}},"9":{"name":"(anonymous_9)","line":211,"loc":{"start":{"line":211,"column":32},"end":{"line":211,"column":43}}},"10":{"name":"(anonymous_10)","line":216,"loc":{"start":{"line":216,"column":13},"end":{"line":216,"column":27}}},"11":{"name":"(anonymous_11)","line":222,"loc":{"start":{"line":222,"column":11},"end":{"line":222,"column":28}}},"12":{"name":"(anonymous_12)","line":224,"loc":{"start":{"line":224,"column":9},"end":{"line":224,"column":20}}},"13":{"name":"(anonymous_13)","line":229,"loc":{"start":{"line":229,"column":10},"end":{"line":229,"column":27}}},"14":{"name":"(anonymous_14)","line":236,"loc":{"start":{"line":236,"column":9},"end":{"line":236,"column":23}}},"15":{"name":"(anonymous_15)","line":244,"loc":{"start":{"line":244,"column":10},"end":{"line":244,"column":47}}},"16":{"name":"(anonymous_16)","line":248,"loc":{"start":{"line":248,"column":15},"end":{"line":248,"column":52}}},"17":{"name":"(anonymous_17)","line":252,"loc":{"start":{"line":252,"column":13},"end":{"line":252,"column":54}}},"18":{"name":"(anonymous_18)","line":255,"loc":{"start":{"line":255,"column":9},"end":{"line":255,"column":20}}},"19":{"name":"(anonymous_19)","line":267,"loc":{"start":{"line":267,"column":10},"end":{"line":267,"column":34}}},"20":{"name":"(anonymous_20)","line":291,"loc":{"start":{"line":291,"column":21},"end":{"line":291,"column":42}}},"21":{"name":"(anonymous_21)","line":345,"loc":{"start":{"line":345,"column":15},"end":{"line":345,"column":26}}},"22":{"name":"(anonymous_22)","line":347,"loc":{"start":{"line":347,"column":33},"end":{"line":347,"column":44}}},"23":{"name":"(anonymous_23)","line":353,"loc":{"start":{"line":353,"column":16},"end":{"line":353,"column":27}}},"24":{"name":"(anonymous_24)","line":354,"loc":{"start":{"line":354,"column":33},"end":{"line":354,"column":45}}},"25":{"name":"(anonymous_25)","line":359,"loc":{"start":{"line":359,"column":21},"end":{"line":359,"column":32}}},"26":{"name":"(anonymous_26)","line":361,"loc":{"start":{"line":361,"column":34},"end":{"line":361,"column":45}}},"27":{"name":"(anonymous_27)","line":367,"loc":{"start":{"line":367,"column":14},"end":{"line":367,"column":46}}},"28":{"name":"(anonymous_28)","line":382,"loc":{"start":{"line":382,"column":20},"end":{"line":382,"column":31}}},"29":{"name":"(anonymous_29)","line":388,"loc":{"start":{"line":388,"column":41},"end":{"line":388,"column":58}}},"30":{"name":"(anonymous_30)","line":391,"loc":{"start":{"line":391,"column":41},"end":{"line":391,"column":58}}},"31":{"name":"(anonymous_31)","line":394,"loc":{"start":{"line":394,"column":40},"end":{"line":394,"column":57}}},"32":{"name":"(anonymous_32)","line":401,"loc":{"start":{"line":401,"column":9},"end":{"line":401,"column":20}}}},"statementMap":{"1":{"start":{"line":3,"column":0},"end":{"line":7,"column":1}},"2":{"start":{"line":9,"column":0},"end":{"line":9,"column":28}},"3":{"start":{"line":10,"column":0},"end":{"line":433,"column":3}},"4":{"start":{"line":33,"column":2},"end":{"line":33,"column":26}},"5":{"start":{"line":34,"column":2},"end":{"line":49,"column":4}},"6":{"start":{"line":53,"column":2},"end":{"line":53,"column":51}},"7":{"start":{"line":55,"column":2},"end":{"line":56,"column":34}},"8":{"start":{"line":56,"column":3},"end":{"line":56,"column":34}},"9":{"start":{"line":58,"column":2},"end":{"line":58,"column":105}},"10":{"start":{"line":60,"column":2},"end":{"line":60,"column":15}},"11":{"start":{"line":64,"column":2},"end":{"line":67,"column":3}},"12":{"start":{"line":69,"column":2},"end":{"line":72,"column":43}},"13":{"start":{"line":70,"column":3},"end":{"line":70,"column":61}},"14":{"start":{"line":71,"column":7},"end":{"line":72,"column":43}},"15":{"start":{"line":72,"column":3},"end":{"line":72,"column":43}},"16":{"start":{"line":74,"column":2},"end":{"line":75,"column":23}},"17":{"start":{"line":75,"column":3},"end":{"line":75,"column":23}},"18":{"start":{"line":77,"column":2},"end":{"line":80,"column":3}},"19":{"start":{"line":82,"column":2},"end":{"line":82,"column":39}},"20":{"start":{"line":84,"column":2},"end":{"line":89,"column":27}},"21":{"start":{"line":85,"column":3},"end":{"line":85,"column":54}},"22":{"start":{"line":86,"column":7},"end":{"line":89,"column":27}},"23":{"start":{"line":87,"column":3},"end":{"line":87,"column":19}},"24":{"start":{"line":89,"column":3},"end":{"line":89,"column":27}},"25":{"start":{"line":91,"column":2},"end":{"line":98,"column":4}},"26":{"start":{"line":102,"column":2},"end":{"line":110,"column":3}},"27":{"start":{"line":103,"column":3},"end":{"line":103,"column":17}},"28":{"start":{"line":105,"column":7},"end":{"line":110,"column":3}},"29":{"start":{"line":106,"column":3},"end":{"line":106,"column":19}},"30":{"start":{"line":108,"column":7},"end":{"line":110,"column":3}},"31":{"start":{"line":109,"column":3},"end":{"line":109,"column":18}},"32":{"start":{"line":112,"column":2},"end":{"line":112,"column":16}},"33":{"start":{"line":116,"column":2},"end":{"line":121,"column":3}},"34":{"start":{"line":123,"column":2},"end":{"line":128,"column":3}},"35":{"start":{"line":124,"column":3},"end":{"line":124,"column":45}},"36":{"start":{"line":126,"column":7},"end":{"line":128,"column":3}},"37":{"start":{"line":127,"column":3},"end":{"line":127,"column":21}},"38":{"start":{"line":130,"column":2},"end":{"line":132,"column":3}},"39":{"start":{"line":131,"column":3},"end":{"line":131,"column":46}},"40":{"start":{"line":134,"column":2},"end":{"line":137,"column":3}},"41":{"start":{"line":139,"column":2},"end":{"line":139,"column":17}},"42":{"start":{"line":143,"column":2},"end":{"line":145,"column":3}},"43":{"start":{"line":147,"column":2},"end":{"line":150,"column":3}},"44":{"start":{"line":149,"column":3},"end":{"line":149,"column":54}},"45":{"start":{"line":152,"column":2},"end":{"line":158,"column":3}},"46":{"start":{"line":153,"column":3},"end":{"line":157,"column":4}},"47":{"start":{"line":154,"column":4},"end":{"line":154,"column":30}},"48":{"start":{"line":156,"column":4},"end":{"line":156,"column":40}},"49":{"start":{"line":160,"column":2},"end":{"line":162,"column":3}},"50":{"start":{"line":161,"column":3},"end":{"line":161,"column":49}},"51":{"start":{"line":164,"column":2},"end":{"line":174,"column":3}},"52":{"start":{"line":165,"column":3},"end":{"line":168,"column":4}},"53":{"start":{"line":166,"column":4},"end":{"line":166,"column":81}},"54":{"start":{"line":167,"column":4},"end":{"line":167,"column":44}},"55":{"start":{"line":169,"column":3},"end":{"line":173,"column":4}},"56":{"start":{"line":170,"column":4},"end":{"line":170,"column":89}},"57":{"start":{"line":171,"column":4},"end":{"line":171,"column":52}},"58":{"start":{"line":172,"column":4},"end":{"line":172,"column":77}},"59":{"start":{"line":176,"column":2},"end":{"line":192,"column":3}},"60":{"start":{"line":177,"column":3},"end":{"line":191,"column":4}},"61":{"start":{"line":178,"column":4},"end":{"line":179,"column":63}},"62":{"start":{"line":179,"column":5},"end":{"line":179,"column":63}},"63":{"start":{"line":180,"column":4},"end":{"line":183,"column":5}},"64":{"start":{"line":181,"column":5},"end":{"line":181,"column":71}},"65":{"start":{"line":182,"column":5},"end":{"line":182,"column":84}},"66":{"start":{"line":185,"column":4},"end":{"line":186,"column":65}},"67":{"start":{"line":186,"column":5},"end":{"line":186,"column":65}},"68":{"start":{"line":187,"column":4},"end":{"line":190,"column":5}},"69":{"start":{"line":188,"column":5},"end":{"line":188,"column":73}},"70":{"start":{"line":189,"column":5},"end":{"line":189,"column":82}},"71":{"start":{"line":194,"column":2},"end":{"line":194,"column":32}},"72":{"start":{"line":198,"column":2},"end":{"line":201,"column":3}},"73":{"start":{"line":203,"column":2},"end":{"line":209,"column":3}},"74":{"start":{"line":204,"column":3},"end":{"line":204,"column":37}},"75":{"start":{"line":205,"column":3},"end":{"line":205,"column":58}},"76":{"start":{"line":208,"column":3},"end":{"line":208,"column":30}},"77":{"start":{"line":211,"column":2},"end":{"line":213,"column":5}},"78":{"start":{"line":212,"column":3},"end":{"line":212,"column":93}},"79":{"start":{"line":217,"column":2},"end":{"line":219,"column":3}},"80":{"start":{"line":218,"column":3},"end":{"line":218,"column":24}},"81":{"start":{"line":223,"column":2},"end":{"line":223,"column":16}},"82":{"start":{"line":224,"column":2},"end":{"line":226,"column":4}},"83":{"start":{"line":225,"column":3},"end":{"line":225,"column":38}},"84":{"start":{"line":230,"column":2},"end":{"line":235,"column":3}},"85":{"start":{"line":236,"column":2},"end":{"line":241,"column":4}},"86":{"start":{"line":237,"column":3},"end":{"line":240,"column":6}},"87":{"start":{"line":245,"column":2},"end":{"line":245,"column":60}},"88":{"start":{"line":249,"column":2},"end":{"line":249,"column":65}},"89":{"start":{"line":253,"column":2},"end":{"line":253,"column":16}},"90":{"start":{"line":255,"column":2},"end":{"line":263,"column":4}},"91":{"start":{"line":256,"column":3},"end":{"line":258,"column":4}},"92":{"start":{"line":260,"column":3},"end":{"line":260,"column":67}},"93":{"start":{"line":262,"column":3},"end":{"line":262,"column":25}},"94":{"start":{"line":268,"column":2},"end":{"line":272,"column":3}},"95":{"start":{"line":276,"column":2},"end":{"line":276,"column":24}},"96":{"start":{"line":277,"column":2},"end":{"line":280,"column":3}},"97":{"start":{"line":278,"column":3},"end":{"line":278,"column":41}},"98":{"start":{"line":279,"column":3},"end":{"line":279,"column":40}},"99":{"start":{"line":282,"column":2},"end":{"line":287,"column":3}},"100":{"start":{"line":283,"column":3},"end":{"line":286,"column":6}},"101":{"start":{"line":288,"column":2},"end":{"line":288,"column":30}},"102":{"start":{"line":292,"column":2},"end":{"line":297,"column":5}},"103":{"start":{"line":299,"column":2},"end":{"line":317,"column":3}},"104":{"start":{"line":300,"column":3},"end":{"line":303,"column":18}},"105":{"start":{"line":301,"column":4},"end":{"line":301,"column":17}},"106":{"start":{"line":302,"column":8},"end":{"line":303,"column":18}},"107":{"start":{"line":303,"column":4},"end":{"line":303,"column":18}},"108":{"start":{"line":305,"column":3},"end":{"line":307,"column":63}},"109":{"start":{"line":308,"column":9},"end":{"line":317,"column":3}},"110":{"start":{"line":309,"column":3},"end":{"line":311,"column":32}},"111":{"start":{"line":312,"column":9},"end":{"line":317,"column":3}},"112":{"start":{"line":313,"column":3},"end":{"line":316,"column":63}},"113":{"start":{"line":319,"column":2},"end":{"line":322,"column":47}},"114":{"start":{"line":324,"column":2},"end":{"line":340,"column":3}},"115":{"start":{"line":325,"column":3},"end":{"line":325,"column":53}},"116":{"start":{"line":326,"column":3},"end":{"line":328,"column":4}},"117":{"start":{"line":327,"column":4},"end":{"line":327,"column":30}},"118":{"start":{"line":330,"column":3},"end":{"line":335,"column":6}},"119":{"start":{"line":337,"column":3},"end":{"line":339,"column":4}},"120":{"start":{"line":338,"column":4},"end":{"line":338,"column":25}},"121":{"start":{"line":342,"column":2},"end":{"line":342,"column":30}},"122":{"start":{"line":346,"column":2},"end":{"line":350,"column":3}},"123":{"start":{"line":347,"column":3},"end":{"line":349,"column":6}},"124":{"start":{"line":348,"column":4},"end":{"line":348,"column":25}},"125":{"start":{"line":354,"column":2},"end":{"line":356,"column":5}},"126":{"start":{"line":355,"column":3},"end":{"line":355,"column":73}},"127":{"start":{"line":360,"column":2},"end":{"line":364,"column":3}},"128":{"start":{"line":361,"column":3},"end":{"line":363,"column":6}},"129":{"start":{"line":362,"column":4},"end":{"line":362,"column":74}},"130":{"start":{"line":368,"column":2},"end":{"line":368,"column":30}},"131":{"start":{"line":369,"column":2},"end":{"line":369,"column":49}},"132":{"start":{"line":370,"column":2},"end":{"line":370,"column":56}},"133":{"start":{"line":371,"column":2},"end":{"line":372,"column":28}},"134":{"start":{"line":372,"column":3},"end":{"line":372,"column":28}},"135":{"start":{"line":373,"column":2},"end":{"line":373,"column":11}},"136":{"start":{"line":383,"column":2},"end":{"line":386,"column":3}},"137":{"start":{"line":388,"column":2},"end":{"line":390,"column":5}},"138":{"start":{"line":389,"column":3},"end":{"line":389,"column":36}},"139":{"start":{"line":391,"column":2},"end":{"line":393,"column":5}},"140":{"start":{"line":392,"column":3},"end":{"line":392,"column":36}},"141":{"start":{"line":394,"column":2},"end":{"line":396,"column":5}},"142":{"start":{"line":395,"column":3},"end":{"line":395,"column":30}},"143":{"start":{"line":398,"column":2},"end":{"line":398,"column":15}},"144":{"start":{"line":402,"column":2},"end":{"line":407,"column":3}},"145":{"start":{"line":409,"column":2},"end":{"line":421,"column":3}},"146":{"start":{"line":410,"column":3},"end":{"line":418,"column":32}},"147":{"start":{"line":420,"column":3},"end":{"line":420,"column":29}},"148":{"start":{"line":423,"column":2},"end":{"line":424,"column":27}},"149":{"start":{"line":424,"column":3},"end":{"line":424,"column":27}},"150":{"start":{"line":426,"column":2},"end":{"line":431,"column":5}},"151":{"start":{"line":436,"column":0},"end":{"line":436,"column":25}},"152":{"start":{"line":438,"column":0},"end":{"line":438,"column":26}}},"branchMap":{"1":{"line":55,"type":"if","locations":[{"start":{"line":55,"column":2},"end":{"line":55,"column":2}},{"start":{"line":55,"column":2},"end":{"line":55,"column":2}}]},"2":{"line":58,"type":"cond-expr","locations":[{"start":{"line":58,"column":47},"end":{"line":58,"column":94}},{"start":{"line":58,"column":98},"end":{"line":58,"column":104}}]},"3":{"line":58,"type":"binary-expr","locations":[{"start":{"line":58,"column":47},"end":{"line":58,"column":66}},{"start":{"line":58,"column":70},"end":{"line":58,"column":84}},{"start":{"line":58,"column":88},"end":{"line":58,"column":94}}]},"4":{"line":65,"type":"binary-expr","locations":[{"start":{"line":65,"column":10},"end":{"line":65,"column":21}},{"start":{"line":65,"column":25},"end":{"line":65,"column":43}}]},"5":{"line":69,"type":"if","locations":[{"start":{"line":69,"column":2},"end":{"line":69,"column":2}},{"start":{"line":69,"column":2},"end":{"line":69,"column":2}}]},"6":{"line":69,"type":"binary-expr","locations":[{"start":{"line":69,"column":7},"end":{"line":69,"column":11}},{"start":{"line":69,"column":15},"end":{"line":69,"column":39}}]},"7":{"line":71,"type":"if","locations":[{"start":{"line":71,"column":7},"end":{"line":71,"column":7}},{"start":{"line":71,"column":7},"end":{"line":71,"column":7}}]},"8":{"line":74,"type":"if","locations":[{"start":{"line":74,"column":2},"end":{"line":74,"column":2}},{"start":{"line":74,"column":2},"end":{"line":74,"column":2}}]},"9":{"line":74,"type":"binary-expr","locations":[{"start":{"line":74,"column":7},"end":{"line":74,"column":19}},{"start":{"line":74,"column":23},"end":{"line":74,"column":46}}]},"10":{"line":77,"type":"cond-expr","locations":[{"start":{"line":78,"column":3},"end":{"line":78,"column":40}},{"start":{"line":79,"column":3},"end":{"line":79,"column":38}}]},"11":{"line":84,"type":"if","locations":[{"start":{"line":84,"column":2},"end":{"line":84,"column":2}},{"start":{"line":84,"column":2},"end":{"line":84,"column":2}}]},"12":{"line":86,"type":"if","locations":[{"start":{"line":86,"column":7},"end":{"line":86,"column":7}},{"start":{"line":86,"column":7},"end":{"line":86,"column":7}}]},"13":{"line":86,"type":"binary-expr","locations":[{"start":{"line":86,"column":12},"end":{"line":86,"column":24}},{"start":{"line":86,"column":28},"end":{"line":86,"column":43}}]},"14":{"line":89,"type":"binary-expr","locations":[{"start":{"line":89,"column":16},"end":{"line":89,"column":20}},{"start":{"line":89,"column":24},"end":{"line":89,"column":26}}]},"15":{"line":102,"type":"if","locations":[{"start":{"line":102,"column":2},"end":{"line":102,"column":2}},{"start":{"line":102,"column":2},"end":{"line":102,"column":2}}]},"16":{"line":105,"type":"if","locations":[{"start":{"line":105,"column":7},"end":{"line":105,"column":7}},{"start":{"line":105,"column":7},"end":{"line":105,"column":7}}]},"17":{"line":108,"type":"if","locations":[{"start":{"line":108,"column":7},"end":{"line":108,"column":7}},{"start":{"line":108,"column":7},"end":{"line":108,"column":7}}]},"18":{"line":117,"type":"binary-expr","locations":[{"start":{"line":117,"column":10},"end":{"line":117,"column":26}},{"start":{"line":117,"column":30},"end":{"line":117,"column":32}}]},"19":{"line":118,"type":"binary-expr","locations":[{"start":{"line":118,"column":10},"end":{"line":118,"column":26}},{"start":{"line":118,"column":30},"end":{"line":118,"column":32}}]},"20":{"line":123,"type":"if","locations":[{"start":{"line":123,"column":2},"end":{"line":123,"column":2}},{"start":{"line":123,"column":2},"end":{"line":123,"column":2}}]},"21":{"line":126,"type":"if","locations":[{"start":{"line":126,"column":7},"end":{"line":126,"column":7}},{"start":{"line":126,"column":7},"end":{"line":126,"column":7}}]},"22":{"line":130,"type":"if","locations":[{"start":{"line":130,"column":2},"end":{"line":130,"column":2}},{"start":{"line":130,"column":2},"end":{"line":130,"column":2}}]},"23":{"line":134,"type":"cond-expr","locations":[{"start":{"line":135,"column":3},"end":{"line":135,"column":36}},{"start":{"line":136,"column":3},"end":{"line":136,"column":31}}]},"24":{"line":134,"type":"binary-expr","locations":[{"start":{"line":134,"column":21},"end":{"line":134,"column":33}},{"start":{"line":134,"column":37},"end":{"line":134,"column":49}}]},"25":{"line":136,"type":"binary-expr","locations":[{"start":{"line":136,"column":3},"end":{"line":136,"column":15}},{"start":{"line":136,"column":19},"end":{"line":136,"column":31}}]},"26":{"line":147,"type":"if","locations":[{"start":{"line":147,"column":2},"end":{"line":147,"column":2}},{"start":{"line":147,"column":2},"end":{"line":147,"column":2}}]},"27":{"line":147,"type":"binary-expr","locations":[{"start":{"line":147,"column":7},"end":{"line":147,"column":43}},{"start":{"line":148,"column":3},"end":{"line":148,"column":62}}]},"28":{"line":152,"type":"if","locations":[{"start":{"line":152,"column":2},"end":{"line":152,"column":2}},{"start":{"line":152,"column":2},"end":{"line":152,"column":2}}]},"29":{"line":153,"type":"if","locations":[{"start":{"line":153,"column":3},"end":{"line":153,"column":3}},{"start":{"line":153,"column":3},"end":{"line":153,"column":3}}]},"30":{"line":153,"type":"binary-expr","locations":[{"start":{"line":153,"column":8},"end":{"line":153,"column":32}},{"start":{"line":153,"column":36},"end":{"line":153,"column":69}}]},"31":{"line":160,"type":"if","locations":[{"start":{"line":160,"column":2},"end":{"line":160,"column":2}},{"start":{"line":160,"column":2},"end":{"line":160,"column":2}}]},"32":{"line":164,"type":"if","locations":[{"start":{"line":164,"column":2},"end":{"line":164,"column":2}},{"start":{"line":164,"column":2},"end":{"line":164,"column":2}}]},"33":{"line":165,"type":"if","locations":[{"start":{"line":165,"column":3},"end":{"line":165,"column":3}},{"start":{"line":165,"column":3},"end":{"line":165,"column":3}}]},"34":{"line":169,"type":"if","locations":[{"start":{"line":169,"column":3},"end":{"line":169,"column":3}},{"start":{"line":169,"column":3},"end":{"line":169,"column":3}}]},"35":{"line":176,"type":"if","locations":[{"start":{"line":176,"column":2},"end":{"line":176,"column":2}},{"start":{"line":176,"column":2},"end":{"line":176,"column":2}}]},"36":{"line":177,"type":"if","locations":[{"start":{"line":177,"column":3},"end":{"line":177,"column":3}},{"start":{"line":177,"column":3},"end":{"line":177,"column":3}}]},"37":{"line":178,"type":"if","locations":[{"start":{"line":178,"column":4},"end":{"line":178,"column":4}},{"start":{"line":178,"column":4},"end":{"line":178,"column":4}}]},"38":{"line":180,"type":"if","locations":[{"start":{"line":180,"column":4},"end":{"line":180,"column":4}},{"start":{"line":180,"column":4},"end":{"line":180,"column":4}}]},"39":{"line":185,"type":"if","locations":[{"start":{"line":185,"column":4},"end":{"line":185,"column":4}},{"start":{"line":185,"column":4},"end":{"line":185,"column":4}}]},"40":{"line":187,"type":"if","locations":[{"start":{"line":187,"column":4},"end":{"line":187,"column":4}},{"start":{"line":187,"column":4},"end":{"line":187,"column":4}}]},"41":{"line":198,"type":"cond-expr","locations":[{"start":{"line":198,"column":34},"end":{"line":198,"column":35}},{"start":{"line":198,"column":38},"end":{"line":198,"column":52}}]},"42":{"line":203,"type":"if","locations":[{"start":{"line":203,"column":2},"end":{"line":203,"column":2}},{"start":{"line":203,"column":2},"end":{"line":203,"column":2}}]},"43":{"line":203,"type":"binary-expr","locations":[{"start":{"line":203,"column":7},"end":{"line":203,"column":28}},{"start":{"line":203,"column":32},"end":{"line":203,"column":49}}]},"44":{"line":212,"type":"cond-expr","locations":[{"start":{"line":212,"column":55},"end":{"line":212,"column":66}},{"start":{"line":212,"column":69},"end":{"line":212,"column":90}}]},"45":{"line":217,"type":"if","locations":[{"start":{"line":217,"column":2},"end":{"line":217,"column":2}},{"start":{"line":217,"column":2},"end":{"line":217,"column":2}}]},"46":{"line":217,"type":"binary-expr","locations":[{"start":{"line":217,"column":7},"end":{"line":217,"column":20}},{"start":{"line":217,"column":24},"end":{"line":217,"column":45}}]},"47":{"line":257,"type":"cond-expr","locations":[{"start":{"line":257,"column":24},"end":{"line":257,"column":38}},{"start":{"line":257,"column":41},"end":{"line":257,"column":51}}]},"48":{"line":270,"type":"binary-expr","locations":[{"start":{"line":270,"column":11},"end":{"line":270,"column":29}},{"start":{"line":270,"column":33},"end":{"line":270,"column":47}}]},"49":{"line":282,"type":"if","locations":[{"start":{"line":282,"column":2},"end":{"line":282,"column":2}},{"start":{"line":282,"column":2},"end":{"line":282,"column":2}}]},"50":{"line":295,"type":"binary-expr","locations":[{"start":{"line":295,"column":17},"end":{"line":295,"column":40}},{"start":{"line":295,"column":44},"end":{"line":295,"column":52}}]},"51":{"line":299,"type":"if","locations":[{"start":{"line":299,"column":2},"end":{"line":299,"column":2}},{"start":{"line":299,"column":2},"end":{"line":299,"column":2}}]},"52":{"line":300,"type":"if","locations":[{"start":{"line":300,"column":3},"end":{"line":300,"column":3}},{"start":{"line":300,"column":3},"end":{"line":300,"column":3}}]},"53":{"line":302,"type":"if","locations":[{"start":{"line":302,"column":8},"end":{"line":302,"column":8}},{"start":{"line":302,"column":8},"end":{"line":302,"column":8}}]},"54":{"line":308,"type":"if","locations":[{"start":{"line":308,"column":9},"end":{"line":308,"column":9}},{"start":{"line":308,"column":9},"end":{"line":308,"column":9}}]},"55":{"line":312,"type":"if","locations":[{"start":{"line":312,"column":9},"end":{"line":312,"column":9}},{"start":{"line":312,"column":9},"end":{"line":312,"column":9}}]},"56":{"line":324,"type":"if","locations":[{"start":{"line":324,"column":2},"end":{"line":324,"column":2}},{"start":{"line":324,"column":2},"end":{"line":324,"column":2}}]},"57":{"line":325,"type":"binary-expr","locations":[{"start":{"line":325,"column":17},"end":{"line":325,"column":41}},{"start":{"line":325,"column":45},"end":{"line":325,"column":50}}]},"58":{"line":326,"type":"if","locations":[{"start":{"line":326,"column":3},"end":{"line":326,"column":3}},{"start":{"line":326,"column":3},"end":{"line":326,"column":3}}]},"59":{"line":337,"type":"if","locations":[{"start":{"line":337,"column":3},"end":{"line":337,"column":3}},{"start":{"line":337,"column":3},"end":{"line":337,"column":3}}]},"60":{"line":337,"type":"binary-expr","locations":[{"start":{"line":337,"column":8},"end":{"line":337,"column":32}},{"start":{"line":337,"column":36},"end":{"line":337,"column":41}}]},"61":{"line":346,"type":"if","locations":[{"start":{"line":346,"column":2},"end":{"line":346,"column":2}},{"start":{"line":346,"column":2},"end":{"line":346,"column":2}}]},"62":{"line":355,"type":"binary-expr","locations":[{"start":{"line":355,"column":22},"end":{"line":355,"column":45}},{"start":{"line":355,"column":49},"end":{"line":355,"column":70}}]},"63":{"line":360,"type":"if","locations":[{"start":{"line":360,"column":2},"end":{"line":360,"column":2}},{"start":{"line":360,"column":2},"end":{"line":360,"column":2}}]},"64":{"line":360,"type":"binary-expr","locations":[{"start":{"line":360,"column":7},"end":{"line":360,"column":23}},{"start":{"line":360,"column":27},"end":{"line":360,"column":42}},{"start":{"line":360,"column":46},"end":{"line":360,"column":62}}]},"65":{"line":362,"type":"binary-expr","locations":[{"start":{"line":362,"column":23},"end":{"line":362,"column":46}},{"start":{"line":362,"column":50},"end":{"line":362,"column":71}}]},"66":{"line":368,"type":"binary-expr","locations":[{"start":{"line":368,"column":10},"end":{"line":368,"column":15}},{"start":{"line":368,"column":19},"end":{"line":368,"column":29}}]},"67":{"line":369,"type":"cond-expr","locations":[{"start":{"line":369,"column":29},"end":{"line":369,"column":39}},{"start":{"line":369,"column":42},"end":{"line":369,"column":48}}]},"68":{"line":371,"type":"if","locations":[{"start":{"line":371,"column":2},"end":{"line":371,"column":2}},{"start":{"line":371,"column":2},"end":{"line":371,"column":2}}]},"69":{"line":403,"type":"cond-expr","locations":[{"start":{"line":404,"column":20},"end":{"line":405,"column":85}},{"start":{"line":405,"column":89},"end":{"line":405,"column":91}}]},"70":{"line":404,"type":"cond-expr","locations":[{"start":{"line":405,"column":18},"end":{"line":405,"column":56}},{"start":{"line":405,"column":59},"end":{"line":405,"column":85}}]},"71":{"line":409,"type":"if","locations":[{"start":{"line":409,"column":2},"end":{"line":409,"column":2}},{"start":{"line":409,"column":2},"end":{"line":409,"column":2}}]},"72":{"line":423,"type":"if","locations":[{"start":{"line":423,"column":2},"end":{"line":423,"column":2}},{"start":{"line":423,"column":2},"end":{"line":423,"column":2}}]}},"code":["'use strict';","","var assign = require('object-assign'),","\tmoment = require('moment'),","\tReact = require('react'),","\tCalendarContainer = require('./src/CalendarContainer')",";","","var TYPES = React.PropTypes;","var Datetime = React.createClass({","\tpropTypes: {","\t\t// value: TYPES.object | TYPES.string,","\t\t// defaultValue: TYPES.object | TYPES.string,","\t\tonFocus: TYPES.func,","\t\tonBlur: TYPES.func,","\t\tonChange: TYPES.func,","\t\tlocale: TYPES.string,","\t\tutc: TYPES
[...]
ine":49,"column":16},"end":{"line":49,"column":33}}},"4":{"name":"(anonymous_4)","line":68,"loc":{"start":{"line":68,"column":16},"end":{"line":68,"column":27}}},"5":{"name":"(anonymous_5)","line":76,"loc":{"start":{"line":76,"column":9},"end":{"line":76,"column":20}}},"6":{"name":"(anonymous_6)","line":81,"loc":{"start":{"line":81,"column":31},"end":{"line":81,"column":45}}},"7":{"name":"(anonymous_7)","line":110,"loc":{"start":{"line":110,"column":21},"end":{"line":110,"column":32}}},"8":{"name":"(anonymous_8)","line":134,"loc":{"start":{"line":134,"column":59},"end":{"line":134,"column":76}}},"9":{"name":"(anonymous_9)","line":140,"loc":{"start":{"line":140,"column":28},"end":{"line":140,"column":50}}},"10":{"name":"(anonymous_10)","line":144,"loc":{"start":{"line":144,"column":14},"end":{"line":144,"column":28}}},"11":{"name":"(anonymous_11)","line":152,"loc":{"start":{"line":152,"column":15},"end":{"line":152,"column":26}}},"12":{"name":"(anonymous_12)","line":162,"loc":{"start":{"line":162,"column":18},"end":{"line":162,"column":43}}},"13":{"name":"(anonymous_13)","line":165,"loc":{"start":{"line":165,"column":9},"end":{"line":165,"column":20}}},"14":{"name":"(anonymous_14)","line":170,"loc":{"start":{"line":170,"column":26},"end":{"line":170,"column":37}}},"15":{"name":"(anonymous_15)","line":171,"loc":{"start":{"line":171,"column":36},"end":{"line":171,"column":47}}},"16":{"name":"(anonymous_16)","line":177,"loc":{"start":{"line":177,"column":24},"end":{"line":177,"column":35}}},"17":{"name":"(anonymous_17)","line":195,"loc":{"start":{"line":195,"column":16},"end":{"line":195,"column":33}}},"18":{"name":"(anonymous_18)","line":202,"loc":{"start":{"line":202,"column":11},"end":{"line":202,"column":28}}},"19":{"name":"(anonymous_19)","line":209,"loc":{"start":{"line":209,"column":11},"end":{"line":209,"column":28}}},"20":{"name":"(anonymous_20)","line":216,"loc":{"start":{"line":216,"column":6},"end":{"line":216,"column":30}}},"21":{"name":"(anonymous_21)","line":223,"loc":{"start":{"line":223,"column":22},"end":{"line":223,"column":33}}}},"statementMap":{"1":{"start":{"line":3,"column":0},"end":{"line":6,"column":1}},"2":{"start":{"line":8,"column":0},"end":{"line":8,"column":20}},"3":{"start":{"line":9,"column":0},"end":{"line":226,"column":4}},"4":{"start":{"line":11,"column":2},"end":{"line":11,"column":43}},"5":{"start":{"line":15,"column":2},"end":{"line":18,"column":3}},"6":{"start":{"line":20,"column":2},"end":{"line":28,"column":3}},"7":{"start":{"line":21,"column":3},"end":{"line":21,"column":26}},"8":{"start":{"line":22,"column":3},"end":{"line":27,"column":4}},"9":{"start":{"line":23,"column":4},"end":{"line":23,"column":29}},"10":{"start":{"line":24,"column":4},"end":{"line":26,"column":5}},"11":{"start":{"line":25,"column":5},"end":{"line":25,"column":30}},"12":{"start":{"line":30,"column":2},"end":{"line":30,"column":22}},"13":{"start":{"line":31,"column":2},"end":{"line":37,"column":3}},"14":{"start":{"line":32,"column":3},"end":{"line":36,"column":4}},"15":{"start":{"line":33,"column":4},"end":{"line":33,"column":55}},"16":{"start":{"line":35,"column":4},"end":{"line":35,"column":55}},"17":{"start":{"line":39,"column":2},"end":{"line":46,"column":4}},"18":{"start":{"line":50,"column":2},"end":{"line":64,"column":3}},"19":{"start":{"line":51,"column":3},"end":{"line":51,"column":34}},"20":{"start":{"line":52,"column":3},"end":{"line":58,"column":4}},"21":{"start":{"line":53,"column":4},"end":{"line":53,"column":35}},"22":{"start":{"line":55,"column":4},"end":{"line":57,"column":5}},"23":{"start":{"line":56,"column":5},"end":{"line":56,"column":16}},"24":{"start":{"line":59,"column":3},"end":{"line":63,"column":6}},"25":{"start":{"line":65,"column":2},"end":{"line":65,"column":12}},"26":{"start":{"line":69,"column":2},"end":{"line":73,"column":5}},"27":{"start":{"line":77,"column":2},"end":{"line":79,"column":3}},"28":{"start":{"line":81,"column":2},"end":{"line":85,"column":5}},"29":{"start":{"line":82,"column":3},"end":{"line":83,"column":103}},"30":{"start":{"line":83,"column":4},"end":{"line":83,"column":103}},"31":{"start":{"line":84,"column":3},"end":{"line":84,"column":42}},"32":{"start":{"line":87,"column":2},"end":{"line":89,"column":3}},"33":{"start":{"line":88,"column":3},"end":{"line":88,"column":39}},"34":{"start":{"line":91,"column":2},"end":{"line":98,"column":3}},"35":{"start":{"line":92,"column":3},"end":{"line":92,"column":85}},"36":{"start":{"line":93,"column":3},"end":{"line":97,"column":6}},"37":{"start":{"line":100,"column":2},"end":{"line":107,"column":4}},"38":{"start":{"line":111,"column":2},"end":{"line":111,"column":16}},"39":{"start":{"line":112,"column":2},"end":{"line":133,"column":4}},"40":{"start":{"line":134,"column":2},"end":{"line":136,"column":5}},"41":{"start":{"line":135,"column":3},"end":{"line":135,"column":72}},"42":{"start":{"line":137,"column":2},"end":{"line":137,"column":53}},"43":{"start":{"line":141,"column":2},"end":{"line":141,"column":52}},"44":{"start":{"line":145,"column":2},"end":{"line":145,"column":45}},"45":{"start":{"line":146,"column":2},"end":{"line":149,"column":3}},"46":{"start":{"line":147,"column":3},"end":{"line":147,"column":47}},"47":{"start":{"line":148,"column":3},"end":{"line":148,"column":44}},"48":{"start":{"line":153,"column":2},"end":{"line":154,"column":15}},"49":{"start":{"line":154,"column":3},"end":{"line":154,"column":15}},"50":{"start":{"line":156,"column":2},"end":{"line":156,"column":60}},"51":{"start":{"line":157,"column":2},"end":{"line":159,"column":5}},"52":{"start":{"line":163,"column":2},"end":{"line":163,"column":16}},"53":{"start":{"line":165,"column":2},"end":{"line":185,"column":4}},"54":{"start":{"line":166,"column":3},"end":{"line":166,"column":19}},"55":{"start":{"line":167,"column":3},"end":{"line":167,"column":41}},"56":{"start":{"line":168,"column":3},"end":{"line":168,"column":25}},"57":{"start":{"line":170,"column":3},"end":{"line":175,"column":11}},"58":{"start":{"line":171,"column":4},"end":{"line":174,"column":11}},"59":{"start":{"line":172,"column":5},"end":{"line":172,"column":43}},"60":{"start":{"line":173,"column":5},"end":{"line":173,"column":27}},"61":{"start":{"line":177,"column":3},"end":{"line":182,"column":5}},"62":{"start":{"line":178,"column":4},"end":{"line":178,"column":29}},"63":{"start":{"line":179,"column":4},"end":{"line":179,"column":38}},"64":{"start":{"line":180,"column":4},"end":{"line":180,"column":47}},"65":{"start":{"line":181,"column":4},"end":{"line":181,"column":71}},"66":{"start":{"line":184,"column":3},"end":{"line":184,"column":67}},"67":{"start":{"line":196,"column":2},"end":{"line":196,"column":53}},"68":{"start":{"line":197,"column":2},"end":{"line":198,"column":99}},"69":{"start":{"line":198,"column":3},"end":{"line":198,"column":99}},"70":{"start":{"line":199,"column":2},"end":{"line":199,"column":33}},"71":{"start":{"line":203,"column":2},"end":{"line":203,"column":84}},"72":{"start":{"line":204,"column":2},"end":{"line":205,"column":99}},"73":{"start":{"line":205,"column":3},"end":{"line":205,"column":99}},"74":{"start":{"line":206,"column":2},"end":{"line":206,"column":33}},"75":{"start":{"line":210,"column":2},"end":{"line":210,"column":84}},"76":{"start":{"line":211,"column":2},"end":{"line":212,"column":95}},"77":{"start":{"line":212,"column":3},"end":{"line":212,"column":95}},"78":{"start":{"line":213,"column":2},"end":{"line":213,"column":33}},"79":{"start":{"line":217,"column":2},"end":{"line":217,"column":23}},"80":{"start":{"line":218,"column":2},"end":{"line":219,"column":19}},"81":{"start":{"line":219,"column":3},"end":{"line":219,"column":19}},"82":{"start":{"line":220,"column":2},"end":{"line":220,"column":13}},"83":{"start":{"line":224,"column":4},"end":{"line":224,"column":36}},"84":{"start":{"line":228,"column":0},"end":{"line":228,"column":36}}},"branchMap":{"1":{"line":15,"type":"binary-expr","locations":[{"start":{"line":15,"column":13},"end":{"line":15,"column":31}},{"start":{"line":15,"column":35},"end":{"line":15,"column":49}}]},"2":{"line":20,"type":"if","locations":[{"start":{"line":20,"column":2},"end":{"line":20,"column":2}},{"start":{"line":20,"column":2},"end":{"line":20,"column":2}}]},"3":{"line":22,"type":"if","locations":[{"start":{"line":22,"column":3},"end":{"line":22,"column":3}},{"start":{"line":22,"column":3},"end":{"line":22,"column":3}}]},"4":{"line":24,"type":"if","locations":[{"start":{"line":24,"column":4},"end":{"line":24,"column":4}},{"start":{"line":24,"column":4},"end":{"line":24,"column":4}}]},"5":{"line":31,"type":"if","locations":[{"start":{"line":31,"column":2},"end":{"line":31,"column":2}},{"start":{"line":31,"column":2},"end":{"line":31,"column":2}}]},"6":{"line":31,"type":"binary-expr","locations":[{"start":{"line":31,"column":7},"end":{"line":31,"column":26}},{"start":{"line":31,"column":30},"end":{"line":31,"column":88}}]},"7":{"line":32,"type":"if","locations":[{"start":{"line":32,"column":3},"end":{"line":32,"column":3}},{"start":{"line":32,"column":3},"end":{"line":32,"column":3}}]},"8":{"line":33,"type":"cond-expr","locations":[{"start":{"line":33,"column":43},"end":{"line":33,"column":47}},{"start":{"line":33,"column":50},"end":{"line":33,"column":54}}]},"9":{"line":35,"type":"cond-expr","locations":[{"start":{"line":35,"column":43},"end":{"line":35,"column":47}},{"start":{"line":35,"column":50},"end":{"line":35,"column":54}}]},"10":{"line":50,"type":"if","locations":[{"start":{"line":50,"column":2},"end":{"line":50,"column":2}},{"start":{"line":50,"column":2},"end":{"line":50,"column":2}}]},"11":{"line":52,"type":"if","locations":[{"start":{"line":52,"column":3},"end":{"line":52,"column":3}},{"start":{"line":52,"column":3},"end":{"line":52,"column":3}}]},"12":{"line":52,"type":"binary-expr","locations":[{"start":{"line":52,"column":8},"end":{"line":52,"column":24}},{"start":{"line":52,"column":28},"end":{"line":52,"column":86}}]},"13":{"line":55,"type":"if","locations":[{"start":{"line":55,"column":4},"end":{"line":55,"column":4}},{"start":{"line":55,"column":4},"end":{"line":55,"column":4}}]},"14":{"line":82,"type":"if","locations":[{"start":{"line":82,"column":3},"end":{"line":82,"column":3}},{"start":{"line":82,"column":3},"end":{"line":82,"column":3}}]},"15":{"line":87,"type":"if","locations":[{"start":{"line":87,"column":2},"end":{"line":87,"column":2}},{"start":{"line":87,"column":2},"end":{"line":87,"column":2}}]},"16":{"line":91,"type":"if","locations":[{"start":{"line":91,"column":2},"end":{"line":91,"column":2}},{"start":{"line":91,"column":2},"end":{"line":91,"column":2}}]},"17":{"line":91,"type":"binary-expr","locations":[{"start":{"line":91,"column":7},"end":{"line":91,"column":39}},{"start":{"line":91,"column":43},"end":{"line":91,"column":86}}]},"18":{"line":146,"type":"if","locations":[{"start":{"line":146,"column":2},"end":{"line":146,"column":2}},{"start":{"line":146,"column":2},"end":{"line":146,"column":2}}]},"19":{"line":146,"type":"binary-expr","locations":[{"start":{"line":146,"column":7},"end":{"line":146,"column":31}},{"start":{"line":146,"column":35},"end":{"line":146,"column":45}},{"start":{"line":146,"column":49},"end":{"line":146,"column":61}}]},"20":{"line":153,"type":"if","locations":[{"start":{"line":153,"column":2},"end":{"line":153,"column":2}},{"start":{"line":153,"column":2},"end":{"line":153,"column":2}}]},"21":{"line":156,"type":"binary-expr","locations":[{"start":{"line":156,"column":13},"end":{"line":156,"column":36}},{"start":{"line":156,"column":40},"end":{"line":156,"column":59}}]},"22":{"line":197,"type":"if","locations":[{"start":{"line":197,"column":2},"end":{"line":197,"column":2}},{"start":{"line":197,"column":2},"end":{"line":197,"column":2}}]},"23":{"line":204,"type":"if","locations":[{"start":{"line":204,"column":2},"end":{"line":204,"column":2}},{"start":{"line":204,"column":2},"end":{"line":204,"column":2}}]},"24":{"line":211,"type":"if","locations":[{"start":{"line":211,"column":2},"end":{"line":211,"column":2}},{"start":{"line":211,"column":2},"end":{"line":211,"column":2}}]}},"code":["'use strict';","","var React = require('react'),","\tassign = require('object-assign'),","  onClickOutside = require('react-onclickoutside')",";","","var DOM = React.DOM;","var DateTimePickerTime = onClickOutside( React.createClass({","\tgetInitialState: function() {","\t\treturn this.calculateState( this.props );","\t},","","\tcalculateState: function( props ) {","\t\tvar date = props.selectedDate || props.viewDate,","\t\t\tformat = props.timeFormat,","\t\t\tcounters = []","\t\t;","","\t\tif ( format.toLowerCase().indexOf('h') !== -1 ) {","\t\t\tcounters.push('hours');","\t\t\tif ( format.indexOf('m') !== -1 ) {","\t\t\t\tcounters.push('minutes');","\t\t\t\tif ( format.indexOf('s') !== -1 ) {","\t\t\t\t\tcounters.push('seconds');","\t\t\t\t}","\t\t\t}","\t\t}","","\t\tvar daypart = false;","\t\tif ( this.state !== null && this.props.timeFormat.toLowerCase().indexOf( ' a' ) !== -1 ) {","\t\t\tif ( this.props.timeFormat.indexOf( ' A' ) !== -1 ) {","\t\t\t\tdaypart = ( this.state.hours >= 12 ) ? 'PM' : 'AM';","\t\t\t} else {","\t\t\t\tdaypart = ( this.state.hours >= 12 ) ? 'pm' : 'am';","\t\t\t}","\t\t}","","\t\treturn {","\t\t\thours: date.format( 'H' ),","\t\t\tminutes: date.format( 'mm' ),","\t\t\tseconds: date.format( 'ss' ),","\t\t\tmilliseconds: date.format( 'SSS' ),","\t\t\tdaypart: daypart,","\t\t\tcounters: counters","\t\t};","\t},","","\trenderCounter: function( type ) {","\t\tif ( type !== 'daypart' ) {","\t\t\tvar value = this.state[ type ];","\t\t\tif ( type === 'hours' && this.props.timeFormat.toLowerCase().indexOf( ' a' ) !== -1 ) {","\t\t\t\tvalue = ( value - 1 ) % 12 + 1;","","\t\t\t\tif ( value === 0 ) {","\t\t\t\t\tvalue = 12;","\t\t\t\t}","\t\t\t}","\t\t\treturn DOM.div({ key: type, className: 'rdtCounter' }, [","\t\t\t\tDOM.span({ key: 'up', className: 'rdtBtn', onMouseDown: this.onStartClicking( 'increase', type ) }, '▲' ),","\t\t\t\tDOM.div({ key: 'c', className: 'rdtCount' }, value ),","\t\t\t\tDOM.span({ key: 'do', className: 'rdtBtn', onMouseDown: this.onStartClicking( 'decrease', type ) }, '▼' )","\t\t\t]);","\t\t}","\t\treturn '';","\t},","","\trenderDayPart: function() {","\t\treturn DOM.div({ key: 'dayPart', className: 'rdtCounter' }, [","\t\t\tDOM.span({ key: 'up', className: 'rdtBtn', onMouseDown: this.onStartClicking( 'toggleDayPart', 'hours') }, '▲' ),","\t\t\tDOM.div({ key: this.state.daypart, className: 'rdtCount' }, this.state.daypart ),","\t\t\tDOM.span({ key: 'do', className: 'rdtBtn', onMouseDown: this.onStartClicking( 'toggleDayPart', 'hours') }, '▼' )","\t\t]);","\t},","","\trender: function() {","\t\tvar me = this,","\t\t\tcounters = []","\t\t;","","\t\tthis.state.counters.forEach( function( c ) {","\t\t\tif ( counters.length )","\t\t\t\tcounters.push( DOM.div({ key: 'sep' + counters.length, className: 'rdtCounterSeparator' }, ':' ) );","\t\t\tcounters.push( me.renderCounter( c ) );","\t\t});","","\t\tif ( this.state.daypart !== false ) {","\t\t\tcounters.push( me.renderDayPart() );","\t\t}","","\t\tif ( this.state.counters.length === 3 && this.props.timeFormat.indexOf( 'S' ) !== -1 ) {","\t\t\tcounters.push( DOM.div({ className: 'rdtCounterSeparator', key: 'sep5' }, ':' ) );","\t\t\tcounters.push(","\t\t\t\tDOM.div({ className: 'rdtCounter rdtMilli', key: 'm' },","\t\t\t\t\tDOM.input({ value: this.state.milliseconds, type: 'text', onChange: this.updateMilli } )","\t\t\t\t\t)","\t\t\t\t);","\t\t}","","\t\treturn DOM.div({ className: 'rdtTime' },","\t\t\tDOM.table({}, [","\t\t\t\tthis.renderHeader(),","\t\t\t\tDOM.tbody({ key: 'b'}, DOM.tr({}, DOM.td({},","\t\t\t\t\tDOM.div({ className: 'rdtCounters' }, counters )","\t\t\t\t)))","\t\t\t])","\t\t);","\t},","","\tcomponentWillMount: function() {","\t\tvar me = this;","\t\tme.timeConstraints = {","\t\t\thours: {","\t\t\t\tmin: 0,","\t\t\t\tmax: 23,","\t\t\t\tstep: 1","\t\t\t},","\t\t\tminutes: {","\t\t\t\tmin: 0,","\t\t\t\tmax: 59,","\t\t\t\tstep: 1","\t\t\t},","\t\t\tseconds: {","\t\t\t\tmin: 0,","\t\t\t\tmax: 59,","\t\t\t\tstep: 1","\t\t\t},","\t\t\tmilliseconds: {","\t\t\t\tmin: 0,","\t\t\t\tmax: 999,","\t\t\t\tstep: 1","\t\t\t}","\t\t};","\t\t['hours', 'minutes', 'seconds', 'milliseconds'].forEach( function( type ) {","\t\t\tassign(me.timeConstraints[ type ], me.props.timeConstraints[ type ]);","\t\t});","\t\tthis.setState( this.calculateState( this.props ) );","\t},","","\tcomponentWillReceiveProps: function( nextProps ) {","\t\tthis.setState( this.calculateState( nextProps ) );","\t},","","\tupdateMilli: function( e ) {","\t\tvar milli = parseInt( e.target.value, 10 );","\t\tif ( milli === e.target.value && milli >= 0 && milli < 1000 ) {","\t\t\tthis.props.setTime( 'milliseconds', milli );","\t\t\tthis.setState( { milliseconds: milli } );","\t\t}","\t},","","\trenderHeader: function() {","\t\tif ( !this.props.dateFormat )","\t\t\treturn null;","","\t\tvar date = this.props.selectedDate || this.props.viewDate;","\t\treturn DOM.thead({ key: 'h' }, DOM.tr({},","\t\t\tDOM.th({ className: 'rdtSwitch', colSpan: 4, onClick: this.props.showView( 'days' ) }, date.format( this.props.dateFormat ) )","\t\t));","\t},","","\tonStartClicking: function( action, type ) {","\t\tvar me = this;","","\t\treturn function() {","\t\t\tvar update = {};","\t\t\tupdate[ type ] = me[ action ]( type );","\t\t\tme.setState( update );","","\t\t\tme.timer = setTimeout( function() {","\t\t\t\tme.increaseTimer = setInterval( function() {","\t\t\t\t\tupdate[ type ] = me[ action ]( type );","\t\t\t\t\tme.setState( update );","\t\t\t\t}, 70);","\t\t\t}, 500);","","\t\t\tme.mouseUpListener = function() {","\t\t\t\tclearTimeout( me.timer );","\t\t\t\tclearInterval( me.increaseTimer );","\t\t\t\tme.props.setTime( type, me.state[ type ] );","\t\t\t\tdocument.body.removeEventListener( 'mouseup', me.mouseUpListener );","\t\t\t};","","\t\t\tdocument.body.addEventListener( 'mouseup', me.mouseUpListener );","\t\t};","\t},","","\tpadValues: {","\t\thours: 1,","\t\tminutes: 2,","\t\tseconds: 2,","\t\tmilliseconds: 3","\t},","","\ttoggleDayPart: function( type ) { // type is always 'hours'","\t\tvar value = parseInt( this.state[ type ], 10) + 12;","\t\tif ( value > this.timeConstraints[ type ].max )","\t\t\tvalue = this.timeConstraints[ type ].min + ( value - ( this.timeConstraints[ type ].max + 1 ) );","\t\treturn this.pad( type, value );","\t},","","\tincrease: function( type ) {","\t\tvar value = parseInt( this.state[ type ], 10) + this.timeConstraints[ type ].step;","\t\tif ( value > this.timeConstraints[ type ].max )","\t\t\tvalue = this.timeConstraints[ type ].min + ( value - ( this.timeConstraints[ type ].max + 1 ) );","\t\treturn this.pad( type, value );","\t},","","\tdecrease: function( type ) {","\t\tvar value = parseInt( this.state[ type ], 10) - this.timeConstraints[ type ].step;","\t\tif ( value < this.timeConstraints[ type ].min )","\t\t\tvalue = this.timeConstraints[ type ].max + 1 - ( this.timeConstraints[ type ].min - value );","\t\treturn this.pad( type, value );","\t},","","\tpad: function( type, value ) {","\t\tvar str = value + '';","\t\twhile ( str.length < this.padValues[ type ] )","\t\t\tstr = '0' + str;","\t\treturn str;","\t},","","  handleClickOutside: function() {","    this.props.handleClickOutside();","  }","}));","","module.exports = DateTimePickerTime;",""],"l":{"3":1,"8":1,"9":1,"11":0,"15":0,"20":0,"21":0,"22":0,"23":0,"24":0,"25":0,"30":0,"31":0,"32":0,"33":0,"35":0,"39":0,"50":0,"51":0,"52":0,"53":0,"55":0,"56":0,"59":0,"65":0,"69":0,"77":0,"81":0,"82":0,"83":0,"84":0,"87":0,"88":0,"91":0,"92":0,"93":0,"100":0,"111":0,"112":0,"134":0,"135":0,"137":0,"141":0,"145":0,"146":0,"147":0,"148":0,"153":0,"154":0,"156":0,"157":0,"163":0,"165":0,"166":0,"167":0,"168":0,"170":0,"171":0,"172":0,"173":0,"177":0,"178":0,"179":0,"180":0,"181":0,"184":0,"196":0,"197":0,"198":0,"199":0,"203":0,"204":0,"205":0,"206":0,"210":0,"211":0,"212":0,"213":0,"217":0,"218":0,"219":0,"220":0,"224":0,"228":1}}}